
*** Running vivado
    with args -log design_1_CHOICE_PUF_gen_0_0.vds -m64 -product Vivado -mode batch -messageDb vivado.pb -notrace -source design_1_CHOICE_PUF_gen_0_0.tcl



****** Vivado v2020.1 (64-bit)
  **** SW Build 2902540 on Wed May 27 19:54:49 MDT 2020
  **** IP Build 2902112 on Wed May 27 22:43:36 MDT 2020
    ** Copyright 1986-2020 Xilinx, Inc. All Rights Reserved.

source design_1_CHOICE_PUF_gen_0_0.tcl -notrace
create_project: Time (s): cpu = 00:00:03 ; elapsed = 00:00:07 . Memory (MB): peak = 1002.910 ; gain = 0.000
INFO: [IP_Flow 19-234] Refreshing IP repositories
INFO: [IP_Flow 19-1700] Loaded user IP repository 'c:/Users/ppochiraju2024/Desktop/CHOICE-PUF/hw_src/ip_repo'.
INFO: [IP_Flow 19-2313] Loaded Vivado IP repository 'C:/Xilinx1/Vivado/2020.1/data/ip'.
Command: synth_design -top design_1_CHOICE_PUF_gen_0_0 -part xc7z020clg400-1 -mode out_of_context
Starting synth_design
WARNING: [IP_Flow 19-3571] IP 'design_1_CHOICE_PUF_gen_0_0' is restricted:
* Module reference is stale and needs refreshing.
Attempting to get a license for feature 'Synthesis' and/or device 'xc7z020'
INFO: [Common 17-349] Got license for feature 'Synthesis' and/or device 'xc7z020'
INFO: [Device 21-403] Loading part xc7z020clg400-1
INFO: [Synth 8-7079] Multithreading enabled for synth_design using a maximum of 2 processes.
INFO: [Synth 8-7078] Launching helper process for spawning children vivado processes
INFO: [Synth 8-7075] Helper process launched with PID 14248
---------------------------------------------------------------------------------
Starting RTL Elaboration : Time (s): cpu = 00:00:05 ; elapsed = 00:00:05 . Memory (MB): peak = 1002.910 ; gain = 0.000
---------------------------------------------------------------------------------
INFO: [Synth 8-638] synthesizing module 'design_1_CHOICE_PUF_gen_0_0' [c:/Users/ppochiraju2024/Desktop/CHOICE-PUF/CHOICE_design/CHOICE_design.srcs/sources_1/bd/design_1/ip/design_1_CHOICE_PUF_gen_0_0/synth/design_1_CHOICE_PUF_gen_0_0.vhd:67]
	Parameter PUF_WIDTH bound to: 128 - type: integer 
INFO: [Synth 8-3491] module 'CHOICE_PUF_gen' declared at 'C:/Users/ppochiraju2024/Desktop/CHOICE-PUF/hw_src/hdl/CHOICE_PUF_gen.vhd:6' bound to instance 'U0' of component 'CHOICE_PUF_gen' [c:/Users/ppochiraju2024/Desktop/CHOICE-PUF/CHOICE_design/CHOICE_design.srcs/sources_1/bd/design_1/ip/design_1_CHOICE_PUF_gen_0_0/synth/design_1_CHOICE_PUF_gen_0_0.vhd:98]
INFO: [Synth 8-638] synthesizing module 'CHOICE_PUF_gen' [C:/Users/ppochiraju2024/Desktop/CHOICE-PUF/hw_src/hdl/CHOICE_PUF_gen.vhd:20]
	Parameter PUF_WIDTH bound to: 128 - type: integer 
INFO: [Synth 8-3491] module 'CHOICE_PUF' declared at 'C:/Users/ppochiraju2024/Desktop/CHOICE-PUF/hw_src/hdl/CHOICE_PUF.vhd:8' bound to instance 'PUF' of component 'Choice_PUF' [C:/Users/ppochiraju2024/Desktop/CHOICE-PUF/hw_src/hdl/CHOICE_PUF_gen.vhd:35]
INFO: [Synth 8-638] synthesizing module 'CHOICE_PUF' [C:/Users/ppochiraju2024/Desktop/CHOICE-PUF/hw_src/hdl/CHOICE_PUF.vhd:19]
	Parameter INIT bound to: 32'b00000000000000000000000000000000 
	Parameter IS_CLK_INVERTED bound to: 1'b0 
INFO: [Synth 8-113] binding component instance 'SRLC32E_inst_3' to cell 'SRLC32E' [C:/Users/ppochiraju2024/Desktop/CHOICE-PUF/hw_src/hdl/CHOICE_PUF.vhd:32]
	Parameter INIT bound to: 32'b00000000000000000000000000000000 
	Parameter IS_CLK_INVERTED bound to: 1'b0 
INFO: [Synth 8-113] binding component instance 'SRLC32E_inst_2' to cell 'SRLC32E' [C:/Users/ppochiraju2024/Desktop/CHOICE-PUF/hw_src/hdl/CHOICE_PUF.vhd:45]
	Parameter INIT bound to: 32'b00000000000000000000000000000000 
	Parameter IS_CLK_INVERTED bound to: 1'b0 
INFO: [Synth 8-113] binding component instance 'SRLC32E_inst_1' to cell 'SRLC32E' [C:/Users/ppochiraju2024/Desktop/CHOICE-PUF/hw_src/hdl/CHOICE_PUF.vhd:58]
	Parameter INIT bound to: 32'b00000000000000000000000000000000 
	Parameter IS_CLK_INVERTED bound to: 1'b0 
INFO: [Synth 8-113] binding component instance 'SRLC32E_inst_0' to cell 'SRLC32E' [C:/Users/ppochiraju2024/Desktop/CHOICE-PUF/hw_src/hdl/CHOICE_PUF.vhd:71]
INFO: [Synth 8-113] binding component instance 'CARRY4_inst' to cell 'CARRY4' [C:/Users/ppochiraju2024/Desktop/CHOICE-PUF/hw_src/hdl/CHOICE_PUF.vhd:86]
	Parameter INIT bound to: 1'b0 
	Parameter IS_C_INVERTED bound to: 1'b0 
	Parameter IS_D_INVERTED bound to: 1'b0 
	Parameter IS_PRE_INVERTED bound to: 1'b0 
INFO: [Synth 8-113] binding component instance 'FDCPE_inst' to cell 'FDPE' [C:/Users/ppochiraju2024/Desktop/CHOICE-PUF/hw_src/hdl/CHOICE_PUF.vhd:100]
INFO: [Synth 8-256] done synthesizing module 'CHOICE_PUF' (1#1) [C:/Users/ppochiraju2024/Desktop/CHOICE-PUF/hw_src/hdl/CHOICE_PUF.vhd:19]
INFO: [Synth 8-3491] module 'CHOICE_PUF' declared at 'C:/Users/ppochiraju2024/Desktop/CHOICE-PUF/hw_src/hdl/CHOICE_PUF.vhd:8' bound to instance 'PUF' of component 'Choice_PUF' [C:/Users/ppochiraju2024/Desktop/CHOICE-PUF/hw_src/hdl/CHOICE_PUF_gen.vhd:35]
INFO: [Synth 8-3491] module 'CHOICE_PUF' declared at 'C:/Users/ppochiraju2024/Desktop/CHOICE-PUF/hw_src/hdl/CHOICE_PUF.vhd:8' bound to instance 'PUF' of component 'Choice_PUF' [C:/Users/ppochiraju2024/Desktop/CHOICE-PUF/hw_src/hdl/CHOICE_PUF_gen.vhd:35]
INFO: [Synth 8-3491] module 'CHOICE_PUF' declared at 'C:/Users/ppochiraju2024/Desktop/CHOICE-PUF/hw_src/hdl/CHOICE_PUF.vhd:8' bound to instance 'PUF' of component 'Choice_PUF' [C:/Users/ppochiraju2024/Desktop/CHOICE-PUF/hw_src/hdl/CHOICE_PUF_gen.vhd:35]
INFO: [Synth 8-3491] module 'CHOICE_PUF' declared at 'C:/Users/ppochiraju2024/Desktop/CHOICE-PUF/hw_src/hdl/CHOICE_PUF.vhd:8' bound to instance 'PUF' of component 'Choice_PUF' [C:/Users/ppochiraju2024/Desktop/CHOICE-PUF/hw_src/hdl/CHOICE_PUF_gen.vhd:35]
INFO: [Synth 8-3491] module 'CHOICE_PUF' declared at 'C:/Users/ppochiraju2024/Desktop/CHOICE-PUF/hw_src/hdl/CHOICE_PUF.vhd:8' bound to instance 'PUF' of component 'Choice_PUF' [C:/Users/ppochiraju2024/Desktop/CHOICE-PUF/hw_src/hdl/CHOICE_PUF_gen.vhd:35]
INFO: [Synth 8-3491] module 'CHOICE_PUF' declared at 'C:/Users/ppochiraju2024/Desktop/CHOICE-PUF/hw_src/hdl/CHOICE_PUF.vhd:8' bound to instance 'PUF' of component 'Choice_PUF' [C:/Users/ppochiraju2024/Desktop/CHOICE-PUF/hw_src/hdl/CHOICE_PUF_gen.vhd:35]
INFO: [Synth 8-3491] module 'CHOICE_PUF' declared at 'C:/Users/ppochiraju2024/Desktop/CHOICE-PUF/hw_src/hdl/CHOICE_PUF.vhd:8' bound to instance 'PUF' of component 'Choice_PUF' [C:/Users/ppochiraju2024/Desktop/CHOICE-PUF/hw_src/hdl/CHOICE_PUF_gen.vhd:35]
INFO: [Synth 8-3491] module 'CHOICE_PUF' declared at 'C:/Users/ppochiraju2024/Desktop/CHOICE-PUF/hw_src/hdl/CHOICE_PUF.vhd:8' bound to instance 'PUF' of component 'Choice_PUF' [C:/Users/ppochiraju2024/Desktop/CHOICE-PUF/hw_src/hdl/CHOICE_PUF_gen.vhd:35]
INFO: [Synth 8-3491] module 'CHOICE_PUF' declared at 'C:/Users/ppochiraju2024/Desktop/CHOICE-PUF/hw_src/hdl/CHOICE_PUF.vhd:8' bound to instance 'PUF' of component 'Choice_PUF' [C:/Users/ppochiraju2024/Desktop/CHOICE-PUF/hw_src/hdl/CHOICE_PUF_gen.vhd:35]
INFO: [Synth 8-3491] module 'CHOICE_PUF' declared at 'C:/Users/ppochiraju2024/Desktop/CHOICE-PUF/hw_src/hdl/CHOICE_PUF.vhd:8' bound to instance 'PUF' of component 'Choice_PUF' [C:/Users/ppochiraju2024/Desktop/CHOICE-PUF/hw_src/hdl/CHOICE_PUF_gen.vhd:35]
INFO: [Synth 8-3491] module 'CHOICE_PUF' declared at 'C:/Users/ppochiraju2024/Desktop/CHOICE-PUF/hw_src/hdl/CHOICE_PUF.vhd:8' bound to instance 'PUF' of component 'Choice_PUF' [C:/Users/ppochiraju2024/Desktop/CHOICE-PUF/hw_src/hdl/CHOICE_PUF_gen.vhd:35]
INFO: [Synth 8-3491] module 'CHOICE_PUF' declared at 'C:/Users/ppochiraju2024/Desktop/CHOICE-PUF/hw_src/hdl/CHOICE_PUF.vhd:8' bound to instance 'PUF' of component 'Choice_PUF' [C:/Users/ppochiraju2024/Desktop/CHOICE-PUF/hw_src/hdl/CHOICE_PUF_gen.vhd:35]
INFO: [Synth 8-3491] module 'CHOICE_PUF' declared at 'C:/Users/ppochiraju2024/Desktop/CHOICE-PUF/hw_src/hdl/CHOICE_PUF.vhd:8' bound to instance 'PUF' of component 'Choice_PUF' [C:/Users/ppochiraju2024/Desktop/CHOICE-PUF/hw_src/hdl/CHOICE_PUF_gen.vhd:35]
INFO: [Synth 8-3491] module 'CHOICE_PUF' declared at 'C:/Users/ppochiraju2024/Desktop/CHOICE-PUF/hw_src/hdl/CHOICE_PUF.vhd:8' bound to instance 'PUF' of component 'Choice_PUF' [C:/Users/ppochiraju2024/Desktop/CHOICE-PUF/hw_src/hdl/CHOICE_PUF_gen.vhd:35]
INFO: [Synth 8-3491] module 'CHOICE_PUF' declared at 'C:/Users/ppochiraju2024/Desktop/CHOICE-PUF/hw_src/hdl/CHOICE_PUF.vhd:8' bound to instance 'PUF' of component 'Choice_PUF' [C:/Users/ppochiraju2024/Desktop/CHOICE-PUF/hw_src/hdl/CHOICE_PUF_gen.vhd:35]
INFO: [Synth 8-3491] module 'CHOICE_PUF' declared at 'C:/Users/ppochiraju2024/Desktop/CHOICE-PUF/hw_src/hdl/CHOICE_PUF.vhd:8' bound to instance 'PUF' of component 'Choice_PUF' [C:/Users/ppochiraju2024/Desktop/CHOICE-PUF/hw_src/hdl/CHOICE_PUF_gen.vhd:35]
INFO: [Synth 8-3491] module 'CHOICE_PUF' declared at 'C:/Users/ppochiraju2024/Desktop/CHOICE-PUF/hw_src/hdl/CHOICE_PUF.vhd:8' bound to instance 'PUF' of component 'Choice_PUF' [C:/Users/ppochiraju2024/Desktop/CHOICE-PUF/hw_src/hdl/CHOICE_PUF_gen.vhd:35]
INFO: [Synth 8-3491] module 'CHOICE_PUF' declared at 'C:/Users/ppochiraju2024/Desktop/CHOICE-PUF/hw_src/hdl/CHOICE_PUF.vhd:8' bound to instance 'PUF' of component 'Choice_PUF' [C:/Users/ppochiraju2024/Desktop/CHOICE-PUF/hw_src/hdl/CHOICE_PUF_gen.vhd:35]
INFO: [Synth 8-3491] module 'CHOICE_PUF' declared at 'C:/Users/ppochiraju2024/Desktop/CHOICE-PUF/hw_src/hdl/CHOICE_PUF.vhd:8' bound to instance 'PUF' of component 'Choice_PUF' [C:/Users/ppochiraju2024/Desktop/CHOICE-PUF/hw_src/hdl/CHOICE_PUF_gen.vhd:35]
INFO: [Synth 8-3491] module 'CHOICE_PUF' declared at 'C:/Users/ppochiraju2024/Desktop/CHOICE-PUF/hw_src/hdl/CHOICE_PUF.vhd:8' bound to instance 'PUF' of component 'Choice_PUF' [C:/Users/ppochiraju2024/Desktop/CHOICE-PUF/hw_src/hdl/CHOICE_PUF_gen.vhd:35]
INFO: [Synth 8-3491] module 'CHOICE_PUF' declared at 'C:/Users/ppochiraju2024/Desktop/CHOICE-PUF/hw_src/hdl/CHOICE_PUF.vhd:8' bound to instance 'PUF' of component 'Choice_PUF' [C:/Users/ppochiraju2024/Desktop/CHOICE-PUF/hw_src/hdl/CHOICE_PUF_gen.vhd:35]
INFO: [Synth 8-3491] module 'CHOICE_PUF' declared at 'C:/Users/ppochiraju2024/Desktop/CHOICE-PUF/hw_src/hdl/CHOICE_PUF.vhd:8' bound to instance 'PUF' of component 'Choice_PUF' [C:/Users/ppochiraju2024/Desktop/CHOICE-PUF/hw_src/hdl/CHOICE_PUF_gen.vhd:35]
INFO: [Synth 8-3491] module 'CHOICE_PUF' declared at 'C:/Users/ppochiraju2024/Desktop/CHOICE-PUF/hw_src/hdl/CHOICE_PUF.vhd:8' bound to instance 'PUF' of component 'Choice_PUF' [C:/Users/ppochiraju2024/Desktop/CHOICE-PUF/hw_src/hdl/CHOICE_PUF_gen.vhd:35]
INFO: [Synth 8-3491] module 'CHOICE_PUF' declared at 'C:/Users/ppochiraju2024/Desktop/CHOICE-PUF/hw_src/hdl/CHOICE_PUF.vhd:8' bound to instance 'PUF' of component 'Choice_PUF' [C:/Users/ppochiraju2024/Desktop/CHOICE-PUF/hw_src/hdl/CHOICE_PUF_gen.vhd:35]
INFO: [Synth 8-3491] module 'CHOICE_PUF' declared at 'C:/Users/ppochiraju2024/Desktop/CHOICE-PUF/hw_src/hdl/CHOICE_PUF.vhd:8' bound to instance 'PUF' of component 'Choice_PUF' [C:/Users/ppochiraju2024/Desktop/CHOICE-PUF/hw_src/hdl/CHOICE_PUF_gen.vhd:35]
INFO: [Synth 8-3491] module 'CHOICE_PUF' declared at 'C:/Users/ppochiraju2024/Desktop/CHOICE-PUF/hw_src/hdl/CHOICE_PUF.vhd:8' bound to instance 'PUF' of component 'Choice_PUF' [C:/Users/ppochiraju2024/Desktop/CHOICE-PUF/hw_src/hdl/CHOICE_PUF_gen.vhd:35]
INFO: [Synth 8-3491] module 'CHOICE_PUF' declared at 'C:/Users/ppochiraju2024/Desktop/CHOICE-PUF/hw_src/hdl/CHOICE_PUF.vhd:8' bound to instance 'PUF' of component 'Choice_PUF' [C:/Users/ppochiraju2024/Desktop/CHOICE-PUF/hw_src/hdl/CHOICE_PUF_gen.vhd:35]
INFO: [Synth 8-3491] module 'CHOICE_PUF' declared at 'C:/Users/ppochiraju2024/Desktop/CHOICE-PUF/hw_src/hdl/CHOICE_PUF.vhd:8' bound to instance 'PUF' of component 'Choice_PUF' [C:/Users/ppochiraju2024/Desktop/CHOICE-PUF/hw_src/hdl/CHOICE_PUF_gen.vhd:35]
INFO: [Synth 8-3491] module 'CHOICE_PUF' declared at 'C:/Users/ppochiraju2024/Desktop/CHOICE-PUF/hw_src/hdl/CHOICE_PUF.vhd:8' bound to instance 'PUF' of component 'Choice_PUF' [C:/Users/ppochiraju2024/Desktop/CHOICE-PUF/hw_src/hdl/CHOICE_PUF_gen.vhd:35]
INFO: [Synth 8-3491] module 'CHOICE_PUF' declared at 'C:/Users/ppochiraju2024/Desktop/CHOICE-PUF/hw_src/hdl/CHOICE_PUF.vhd:8' bound to instance 'PUF' of component 'Choice_PUF' [C:/Users/ppochiraju2024/Desktop/CHOICE-PUF/hw_src/hdl/CHOICE_PUF_gen.vhd:35]
INFO: [Synth 8-3491] module 'CHOICE_PUF' declared at 'C:/Users/ppochiraju2024/Desktop/CHOICE-PUF/hw_src/hdl/CHOICE_PUF.vhd:8' bound to instance 'PUF' of component 'Choice_PUF' [C:/Users/ppochiraju2024/Desktop/CHOICE-PUF/hw_src/hdl/CHOICE_PUF_gen.vhd:35]
INFO: [Synth 8-3491] module 'CHOICE_PUF' declared at 'C:/Users/ppochiraju2024/Desktop/CHOICE-PUF/hw_src/hdl/CHOICE_PUF.vhd:8' bound to instance 'PUF' of component 'Choice_PUF' [C:/Users/ppochiraju2024/Desktop/CHOICE-PUF/hw_src/hdl/CHOICE_PUF_gen.vhd:35]
INFO: [Synth 8-3491] module 'CHOICE_PUF' declared at 'C:/Users/ppochiraju2024/Desktop/CHOICE-PUF/hw_src/hdl/CHOICE_PUF.vhd:8' bound to instance 'PUF' of component 'Choice_PUF' [C:/Users/ppochiraju2024/Desktop/CHOICE-PUF/hw_src/hdl/CHOICE_PUF_gen.vhd:35]
INFO: [Synth 8-3491] module 'CHOICE_PUF' declared at 'C:/Users/ppochiraju2024/Desktop/CHOICE-PUF/hw_src/hdl/CHOICE_PUF.vhd:8' bound to instance 'PUF' of component 'Choice_PUF' [C:/Users/ppochiraju2024/Desktop/CHOICE-PUF/hw_src/hdl/CHOICE_PUF_gen.vhd:35]
INFO: [Synth 8-3491] module 'CHOICE_PUF' declared at 'C:/Users/ppochiraju2024/Desktop/CHOICE-PUF/hw_src/hdl/CHOICE_PUF.vhd:8' bound to instance 'PUF' of component 'Choice_PUF' [C:/Users/ppochiraju2024/Desktop/CHOICE-PUF/hw_src/hdl/CHOICE_PUF_gen.vhd:35]
INFO: [Synth 8-3491] module 'CHOICE_PUF' declared at 'C:/Users/ppochiraju2024/Desktop/CHOICE-PUF/hw_src/hdl/CHOICE_PUF.vhd:8' bound to instance 'PUF' of component 'Choice_PUF' [C:/Users/ppochiraju2024/Desktop/CHOICE-PUF/hw_src/hdl/CHOICE_PUF_gen.vhd:35]
INFO: [Synth 8-3491] module 'CHOICE_PUF' declared at 'C:/Users/ppochiraju2024/Desktop/CHOICE-PUF/hw_src/hdl/CHOICE_PUF.vhd:8' bound to instance 'PUF' of component 'Choice_PUF' [C:/Users/ppochiraju2024/Desktop/CHOICE-PUF/hw_src/hdl/CHOICE_PUF_gen.vhd:35]
INFO: [Synth 8-3491] module 'CHOICE_PUF' declared at 'C:/Users/ppochiraju2024/Desktop/CHOICE-PUF/hw_src/hdl/CHOICE_PUF.vhd:8' bound to instance 'PUF' of component 'Choice_PUF' [C:/Users/ppochiraju2024/Desktop/CHOICE-PUF/hw_src/hdl/CHOICE_PUF_gen.vhd:35]
INFO: [Synth 8-3491] module 'CHOICE_PUF' declared at 'C:/Users/ppochiraju2024/Desktop/CHOICE-PUF/hw_src/hdl/CHOICE_PUF.vhd:8' bound to instance 'PUF' of component 'Choice_PUF' [C:/Users/ppochiraju2024/Desktop/CHOICE-PUF/hw_src/hdl/CHOICE_PUF_gen.vhd:35]
INFO: [Synth 8-3491] module 'CHOICE_PUF' declared at 'C:/Users/ppochiraju2024/Desktop/CHOICE-PUF/hw_src/hdl/CHOICE_PUF.vhd:8' bound to instance 'PUF' of component 'Choice_PUF' [C:/Users/ppochiraju2024/Desktop/CHOICE-PUF/hw_src/hdl/CHOICE_PUF_gen.vhd:35]
INFO: [Synth 8-3491] module 'CHOICE_PUF' declared at 'C:/Users/ppochiraju2024/Desktop/CHOICE-PUF/hw_src/hdl/CHOICE_PUF.vhd:8' bound to instance 'PUF' of component 'Choice_PUF' [C:/Users/ppochiraju2024/Desktop/CHOICE-PUF/hw_src/hdl/CHOICE_PUF_gen.vhd:35]
INFO: [Synth 8-3491] module 'CHOICE_PUF' declared at 'C:/Users/ppochiraju2024/Desktop/CHOICE-PUF/hw_src/hdl/CHOICE_PUF.vhd:8' bound to instance 'PUF' of component 'Choice_PUF' [C:/Users/ppochiraju2024/Desktop/CHOICE-PUF/hw_src/hdl/CHOICE_PUF_gen.vhd:35]
INFO: [Synth 8-3491] module 'CHOICE_PUF' declared at 'C:/Users/ppochiraju2024/Desktop/CHOICE-PUF/hw_src/hdl/CHOICE_PUF.vhd:8' bound to instance 'PUF' of component 'Choice_PUF' [C:/Users/ppochiraju2024/Desktop/CHOICE-PUF/hw_src/hdl/CHOICE_PUF_gen.vhd:35]
INFO: [Synth 8-3491] module 'CHOICE_PUF' declared at 'C:/Users/ppochiraju2024/Desktop/CHOICE-PUF/hw_src/hdl/CHOICE_PUF.vhd:8' bound to instance 'PUF' of component 'Choice_PUF' [C:/Users/ppochiraju2024/Desktop/CHOICE-PUF/hw_src/hdl/CHOICE_PUF_gen.vhd:35]
INFO: [Synth 8-3491] module 'CHOICE_PUF' declared at 'C:/Users/ppochiraju2024/Desktop/CHOICE-PUF/hw_src/hdl/CHOICE_PUF.vhd:8' bound to instance 'PUF' of component 'Choice_PUF' [C:/Users/ppochiraju2024/Desktop/CHOICE-PUF/hw_src/hdl/CHOICE_PUF_gen.vhd:35]
INFO: [Synth 8-3491] module 'CHOICE_PUF' declared at 'C:/Users/ppochiraju2024/Desktop/CHOICE-PUF/hw_src/hdl/CHOICE_PUF.vhd:8' bound to instance 'PUF' of component 'Choice_PUF' [C:/Users/ppochiraju2024/Desktop/CHOICE-PUF/hw_src/hdl/CHOICE_PUF_gen.vhd:35]
INFO: [Synth 8-3491] module 'CHOICE_PUF' declared at 'C:/Users/ppochiraju2024/Desktop/CHOICE-PUF/hw_src/hdl/CHOICE_PUF.vhd:8' bound to instance 'PUF' of component 'Choice_PUF' [C:/Users/ppochiraju2024/Desktop/CHOICE-PUF/hw_src/hdl/CHOICE_PUF_gen.vhd:35]
INFO: [Synth 8-3491] module 'CHOICE_PUF' declared at 'C:/Users/ppochiraju2024/Desktop/CHOICE-PUF/hw_src/hdl/CHOICE_PUF.vhd:8' bound to instance 'PUF' of component 'Choice_PUF' [C:/Users/ppochiraju2024/Desktop/CHOICE-PUF/hw_src/hdl/CHOICE_PUF_gen.vhd:35]
INFO: [Synth 8-3491] module 'CHOICE_PUF' declared at 'C:/Users/ppochiraju2024/Desktop/CHOICE-PUF/hw_src/hdl/CHOICE_PUF.vhd:8' bound to instance 'PUF' of component 'Choice_PUF' [C:/Users/ppochiraju2024/Desktop/CHOICE-PUF/hw_src/hdl/CHOICE_PUF_gen.vhd:35]
INFO: [Synth 8-3491] module 'CHOICE_PUF' declared at 'C:/Users/ppochiraju2024/Desktop/CHOICE-PUF/hw_src/hdl/CHOICE_PUF.vhd:8' bound to instance 'PUF' of component 'Choice_PUF' [C:/Users/ppochiraju2024/Desktop/CHOICE-PUF/hw_src/hdl/CHOICE_PUF_gen.vhd:35]
INFO: [Synth 8-3491] module 'CHOICE_PUF' declared at 'C:/Users/ppochiraju2024/Desktop/CHOICE-PUF/hw_src/hdl/CHOICE_PUF.vhd:8' bound to instance 'PUF' of component 'Choice_PUF' [C:/Users/ppochiraju2024/Desktop/CHOICE-PUF/hw_src/hdl/CHOICE_PUF_gen.vhd:35]
INFO: [Synth 8-3491] module 'CHOICE_PUF' declared at 'C:/Users/ppochiraju2024/Desktop/CHOICE-PUF/hw_src/hdl/CHOICE_PUF.vhd:8' bound to instance 'PUF' of component 'Choice_PUF' [C:/Users/ppochiraju2024/Desktop/CHOICE-PUF/hw_src/hdl/CHOICE_PUF_gen.vhd:35]
INFO: [Synth 8-3491] module 'CHOICE_PUF' declared at 'C:/Users/ppochiraju2024/Desktop/CHOICE-PUF/hw_src/hdl/CHOICE_PUF.vhd:8' bound to instance 'PUF' of component 'Choice_PUF' [C:/Users/ppochiraju2024/Desktop/CHOICE-PUF/hw_src/hdl/CHOICE_PUF_gen.vhd:35]
INFO: [Synth 8-3491] module 'CHOICE_PUF' declared at 'C:/Users/ppochiraju2024/Desktop/CHOICE-PUF/hw_src/hdl/CHOICE_PUF.vhd:8' bound to instance 'PUF' of component 'Choice_PUF' [C:/Users/ppochiraju2024/Desktop/CHOICE-PUF/hw_src/hdl/CHOICE_PUF_gen.vhd:35]
INFO: [Synth 8-3491] module 'CHOICE_PUF' declared at 'C:/Users/ppochiraju2024/Desktop/CHOICE-PUF/hw_src/hdl/CHOICE_PUF.vhd:8' bound to instance 'PUF' of component 'Choice_PUF' [C:/Users/ppochiraju2024/Desktop/CHOICE-PUF/hw_src/hdl/CHOICE_PUF_gen.vhd:35]
INFO: [Synth 8-3491] module 'CHOICE_PUF' declared at 'C:/Users/ppochiraju2024/Desktop/CHOICE-PUF/hw_src/hdl/CHOICE_PUF.vhd:8' bound to instance 'PUF' of component 'Choice_PUF' [C:/Users/ppochiraju2024/Desktop/CHOICE-PUF/hw_src/hdl/CHOICE_PUF_gen.vhd:35]
INFO: [Synth 8-3491] module 'CHOICE_PUF' declared at 'C:/Users/ppochiraju2024/Desktop/CHOICE-PUF/hw_src/hdl/CHOICE_PUF.vhd:8' bound to instance 'PUF' of component 'Choice_PUF' [C:/Users/ppochiraju2024/Desktop/CHOICE-PUF/hw_src/hdl/CHOICE_PUF_gen.vhd:35]
INFO: [Synth 8-3491] module 'CHOICE_PUF' declared at 'C:/Users/ppochiraju2024/Desktop/CHOICE-PUF/hw_src/hdl/CHOICE_PUF.vhd:8' bound to instance 'PUF' of component 'Choice_PUF' [C:/Users/ppochiraju2024/Desktop/CHOICE-PUF/hw_src/hdl/CHOICE_PUF_gen.vhd:35]
INFO: [Synth 8-3491] module 'CHOICE_PUF' declared at 'C:/Users/ppochiraju2024/Desktop/CHOICE-PUF/hw_src/hdl/CHOICE_PUF.vhd:8' bound to instance 'PUF' of component 'Choice_PUF' [C:/Users/ppochiraju2024/Desktop/CHOICE-PUF/hw_src/hdl/CHOICE_PUF_gen.vhd:35]
INFO: [Synth 8-3491] module 'CHOICE_PUF' declared at 'C:/Users/ppochiraju2024/Desktop/CHOICE-PUF/hw_src/hdl/CHOICE_PUF.vhd:8' bound to instance 'PUF' of component 'Choice_PUF' [C:/Users/ppochiraju2024/Desktop/CHOICE-PUF/hw_src/hdl/CHOICE_PUF_gen.vhd:35]
INFO: [Synth 8-3491] module 'CHOICE_PUF' declared at 'C:/Users/ppochiraju2024/Desktop/CHOICE-PUF/hw_src/hdl/CHOICE_PUF.vhd:8' bound to instance 'PUF' of component 'Choice_PUF' [C:/Users/ppochiraju2024/Desktop/CHOICE-PUF/hw_src/hdl/CHOICE_PUF_gen.vhd:35]
INFO: [Synth 8-3491] module 'CHOICE_PUF' declared at 'C:/Users/ppochiraju2024/Desktop/CHOICE-PUF/hw_src/hdl/CHOICE_PUF.vhd:8' bound to instance 'PUF' of component 'Choice_PUF' [C:/Users/ppochiraju2024/Desktop/CHOICE-PUF/hw_src/hdl/CHOICE_PUF_gen.vhd:35]
INFO: [Synth 8-3491] module 'CHOICE_PUF' declared at 'C:/Users/ppochiraju2024/Desktop/CHOICE-PUF/hw_src/hdl/CHOICE_PUF.vhd:8' bound to instance 'PUF' of component 'Choice_PUF' [C:/Users/ppochiraju2024/Desktop/CHOICE-PUF/hw_src/hdl/CHOICE_PUF_gen.vhd:35]
INFO: [Synth 8-3491] module 'CHOICE_PUF' declared at 'C:/Users/ppochiraju2024/Desktop/CHOICE-PUF/hw_src/hdl/CHOICE_PUF.vhd:8' bound to instance 'PUF' of component 'Choice_PUF' [C:/Users/ppochiraju2024/Desktop/CHOICE-PUF/hw_src/hdl/CHOICE_PUF_gen.vhd:35]
INFO: [Synth 8-3491] module 'CHOICE_PUF' declared at 'C:/Users/ppochiraju2024/Desktop/CHOICE-PUF/hw_src/hdl/CHOICE_PUF.vhd:8' bound to instance 'PUF' of component 'Choice_PUF' [C:/Users/ppochiraju2024/Desktop/CHOICE-PUF/hw_src/hdl/CHOICE_PUF_gen.vhd:35]
INFO: [Synth 8-3491] module 'CHOICE_PUF' declared at 'C:/Users/ppochiraju2024/Desktop/CHOICE-PUF/hw_src/hdl/CHOICE_PUF.vhd:8' bound to instance 'PUF' of component 'Choice_PUF' [C:/Users/ppochiraju2024/Desktop/CHOICE-PUF/hw_src/hdl/CHOICE_PUF_gen.vhd:35]
INFO: [Synth 8-3491] module 'CHOICE_PUF' declared at 'C:/Users/ppochiraju2024/Desktop/CHOICE-PUF/hw_src/hdl/CHOICE_PUF.vhd:8' bound to instance 'PUF' of component 'Choice_PUF' [C:/Users/ppochiraju2024/Desktop/CHOICE-PUF/hw_src/hdl/CHOICE_PUF_gen.vhd:35]
INFO: [Synth 8-3491] module 'CHOICE_PUF' declared at 'C:/Users/ppochiraju2024/Desktop/CHOICE-PUF/hw_src/hdl/CHOICE_PUF.vhd:8' bound to instance 'PUF' of component 'Choice_PUF' [C:/Users/ppochiraju2024/Desktop/CHOICE-PUF/hw_src/hdl/CHOICE_PUF_gen.vhd:35]
INFO: [Synth 8-3491] module 'CHOICE_PUF' declared at 'C:/Users/ppochiraju2024/Desktop/CHOICE-PUF/hw_src/hdl/CHOICE_PUF.vhd:8' bound to instance 'PUF' of component 'Choice_PUF' [C:/Users/ppochiraju2024/Desktop/CHOICE-PUF/hw_src/hdl/CHOICE_PUF_gen.vhd:35]
INFO: [Synth 8-3491] module 'CHOICE_PUF' declared at 'C:/Users/ppochiraju2024/Desktop/CHOICE-PUF/hw_src/hdl/CHOICE_PUF.vhd:8' bound to instance 'PUF' of component 'Choice_PUF' [C:/Users/ppochiraju2024/Desktop/CHOICE-PUF/hw_src/hdl/CHOICE_PUF_gen.vhd:35]
INFO: [Synth 8-3491] module 'CHOICE_PUF' declared at 'C:/Users/ppochiraju2024/Desktop/CHOICE-PUF/hw_src/hdl/CHOICE_PUF.vhd:8' bound to instance 'PUF' of component 'Choice_PUF' [C:/Users/ppochiraju2024/Desktop/CHOICE-PUF/hw_src/hdl/CHOICE_PUF_gen.vhd:35]
INFO: [Synth 8-3491] module 'CHOICE_PUF' declared at 'C:/Users/ppochiraju2024/Desktop/CHOICE-PUF/hw_src/hdl/CHOICE_PUF.vhd:8' bound to instance 'PUF' of component 'Choice_PUF' [C:/Users/ppochiraju2024/Desktop/CHOICE-PUF/hw_src/hdl/CHOICE_PUF_gen.vhd:35]
INFO: [Synth 8-3491] module 'CHOICE_PUF' declared at 'C:/Users/ppochiraju2024/Desktop/CHOICE-PUF/hw_src/hdl/CHOICE_PUF.vhd:8' bound to instance 'PUF' of component 'Choice_PUF' [C:/Users/ppochiraju2024/Desktop/CHOICE-PUF/hw_src/hdl/CHOICE_PUF_gen.vhd:35]
INFO: [Synth 8-3491] module 'CHOICE_PUF' declared at 'C:/Users/ppochiraju2024/Desktop/CHOICE-PUF/hw_src/hdl/CHOICE_PUF.vhd:8' bound to instance 'PUF' of component 'Choice_PUF' [C:/Users/ppochiraju2024/Desktop/CHOICE-PUF/hw_src/hdl/CHOICE_PUF_gen.vhd:35]
INFO: [Synth 8-3491] module 'CHOICE_PUF' declared at 'C:/Users/ppochiraju2024/Desktop/CHOICE-PUF/hw_src/hdl/CHOICE_PUF.vhd:8' bound to instance 'PUF' of component 'Choice_PUF' [C:/Users/ppochiraju2024/Desktop/CHOICE-PUF/hw_src/hdl/CHOICE_PUF_gen.vhd:35]
INFO: [Synth 8-3491] module 'CHOICE_PUF' declared at 'C:/Users/ppochiraju2024/Desktop/CHOICE-PUF/hw_src/hdl/CHOICE_PUF.vhd:8' bound to instance 'PUF' of component 'Choice_PUF' [C:/Users/ppochiraju2024/Desktop/CHOICE-PUF/hw_src/hdl/CHOICE_PUF_gen.vhd:35]
INFO: [Synth 8-3491] module 'CHOICE_PUF' declared at 'C:/Users/ppochiraju2024/Desktop/CHOICE-PUF/hw_src/hdl/CHOICE_PUF.vhd:8' bound to instance 'PUF' of component 'Choice_PUF' [C:/Users/ppochiraju2024/Desktop/CHOICE-PUF/hw_src/hdl/CHOICE_PUF_gen.vhd:35]
INFO: [Synth 8-3491] module 'CHOICE_PUF' declared at 'C:/Users/ppochiraju2024/Desktop/CHOICE-PUF/hw_src/hdl/CHOICE_PUF.vhd:8' bound to instance 'PUF' of component 'Choice_PUF' [C:/Users/ppochiraju2024/Desktop/CHOICE-PUF/hw_src/hdl/CHOICE_PUF_gen.vhd:35]
INFO: [Synth 8-3491] module 'CHOICE_PUF' declared at 'C:/Users/ppochiraju2024/Desktop/CHOICE-PUF/hw_src/hdl/CHOICE_PUF.vhd:8' bound to instance 'PUF' of component 'Choice_PUF' [C:/Users/ppochiraju2024/Desktop/CHOICE-PUF/hw_src/hdl/CHOICE_PUF_gen.vhd:35]
INFO: [Synth 8-3491] module 'CHOICE_PUF' declared at 'C:/Users/ppochiraju2024/Desktop/CHOICE-PUF/hw_src/hdl/CHOICE_PUF.vhd:8' bound to instance 'PUF' of component 'Choice_PUF' [C:/Users/ppochiraju2024/Desktop/CHOICE-PUF/hw_src/hdl/CHOICE_PUF_gen.vhd:35]
INFO: [Synth 8-3491] module 'CHOICE_PUF' declared at 'C:/Users/ppochiraju2024/Desktop/CHOICE-PUF/hw_src/hdl/CHOICE_PUF.vhd:8' bound to instance 'PUF' of component 'Choice_PUF' [C:/Users/ppochiraju2024/Desktop/CHOICE-PUF/hw_src/hdl/CHOICE_PUF_gen.vhd:35]
INFO: [Synth 8-3491] module 'CHOICE_PUF' declared at 'C:/Users/ppochiraju2024/Desktop/CHOICE-PUF/hw_src/hdl/CHOICE_PUF.vhd:8' bound to instance 'PUF' of component 'Choice_PUF' [C:/Users/ppochiraju2024/Desktop/CHOICE-PUF/hw_src/hdl/CHOICE_PUF_gen.vhd:35]
INFO: [Synth 8-3491] module 'CHOICE_PUF' declared at 'C:/Users/ppochiraju2024/Desktop/CHOICE-PUF/hw_src/hdl/CHOICE_PUF.vhd:8' bound to instance 'PUF' of component 'Choice_PUF' [C:/Users/ppochiraju2024/Desktop/CHOICE-PUF/hw_src/hdl/CHOICE_PUF_gen.vhd:35]
INFO: [Synth 8-3491] module 'CHOICE_PUF' declared at 'C:/Users/ppochiraju2024/Desktop/CHOICE-PUF/hw_src/hdl/CHOICE_PUF.vhd:8' bound to instance 'PUF' of component 'Choice_PUF' [C:/Users/ppochiraju2024/Desktop/CHOICE-PUF/hw_src/hdl/CHOICE_PUF_gen.vhd:35]
INFO: [Synth 8-3491] module 'CHOICE_PUF' declared at 'C:/Users/ppochiraju2024/Desktop/CHOICE-PUF/hw_src/hdl/CHOICE_PUF.vhd:8' bound to instance 'PUF' of component 'Choice_PUF' [C:/Users/ppochiraju2024/Desktop/CHOICE-PUF/hw_src/hdl/CHOICE_PUF_gen.vhd:35]
INFO: [Synth 8-3491] module 'CHOICE_PUF' declared at 'C:/Users/ppochiraju2024/Desktop/CHOICE-PUF/hw_src/hdl/CHOICE_PUF.vhd:8' bound to instance 'PUF' of component 'Choice_PUF' [C:/Users/ppochiraju2024/Desktop/CHOICE-PUF/hw_src/hdl/CHOICE_PUF_gen.vhd:35]
INFO: [Synth 8-3491] module 'CHOICE_PUF' declared at 'C:/Users/ppochiraju2024/Desktop/CHOICE-PUF/hw_src/hdl/CHOICE_PUF.vhd:8' bound to instance 'PUF' of component 'Choice_PUF' [C:/Users/ppochiraju2024/Desktop/CHOICE-PUF/hw_src/hdl/CHOICE_PUF_gen.vhd:35]
INFO: [Synth 8-3491] module 'CHOICE_PUF' declared at 'C:/Users/ppochiraju2024/Desktop/CHOICE-PUF/hw_src/hdl/CHOICE_PUF.vhd:8' bound to instance 'PUF' of component 'Choice_PUF' [C:/Users/ppochiraju2024/Desktop/CHOICE-PUF/hw_src/hdl/CHOICE_PUF_gen.vhd:35]
INFO: [Synth 8-3491] module 'CHOICE_PUF' declared at 'C:/Users/ppochiraju2024/Desktop/CHOICE-PUF/hw_src/hdl/CHOICE_PUF.vhd:8' bound to instance 'PUF' of component 'Choice_PUF' [C:/Users/ppochiraju2024/Desktop/CHOICE-PUF/hw_src/hdl/CHOICE_PUF_gen.vhd:35]
INFO: [Synth 8-3491] module 'CHOICE_PUF' declared at 'C:/Users/ppochiraju2024/Desktop/CHOICE-PUF/hw_src/hdl/CHOICE_PUF.vhd:8' bound to instance 'PUF' of component 'Choice_PUF' [C:/Users/ppochiraju2024/Desktop/CHOICE-PUF/hw_src/hdl/CHOICE_PUF_gen.vhd:35]
INFO: [Synth 8-3491] module 'CHOICE_PUF' declared at 'C:/Users/ppochiraju2024/Desktop/CHOICE-PUF/hw_src/hdl/CHOICE_PUF.vhd:8' bound to instance 'PUF' of component 'Choice_PUF' [C:/Users/ppochiraju2024/Desktop/CHOICE-PUF/hw_src/hdl/CHOICE_PUF_gen.vhd:35]
INFO: [Synth 8-3491] module 'CHOICE_PUF' declared at 'C:/Users/ppochiraju2024/Desktop/CHOICE-PUF/hw_src/hdl/CHOICE_PUF.vhd:8' bound to instance 'PUF' of component 'Choice_PUF' [C:/Users/ppochiraju2024/Desktop/CHOICE-PUF/hw_src/hdl/CHOICE_PUF_gen.vhd:35]
INFO: [Synth 8-3491] module 'CHOICE_PUF' declared at 'C:/Users/ppochiraju2024/Desktop/CHOICE-PUF/hw_src/hdl/CHOICE_PUF.vhd:8' bound to instance 'PUF' of component 'Choice_PUF' [C:/Users/ppochiraju2024/Desktop/CHOICE-PUF/hw_src/hdl/CHOICE_PUF_gen.vhd:35]
INFO: [Synth 8-3491] module 'CHOICE_PUF' declared at 'C:/Users/ppochiraju2024/Desktop/CHOICE-PUF/hw_src/hdl/CHOICE_PUF.vhd:8' bound to instance 'PUF' of component 'Choice_PUF' [C:/Users/ppochiraju2024/Desktop/CHOICE-PUF/hw_src/hdl/CHOICE_PUF_gen.vhd:35]
INFO: [Synth 8-3491] module 'CHOICE_PUF' declared at 'C:/Users/ppochiraju2024/Desktop/CHOICE-PUF/hw_src/hdl/CHOICE_PUF.vhd:8' bound to instance 'PUF' of component 'Choice_PUF' [C:/Users/ppochiraju2024/Desktop/CHOICE-PUF/hw_src/hdl/CHOICE_PUF_gen.vhd:35]
INFO: [Synth 8-3491] module 'CHOICE_PUF' declared at 'C:/Users/ppochiraju2024/Desktop/CHOICE-PUF/hw_src/hdl/CHOICE_PUF.vhd:8' bound to instance 'PUF' of component 'Choice_PUF' [C:/Users/ppochiraju2024/Desktop/CHOICE-PUF/hw_src/hdl/CHOICE_PUF_gen.vhd:35]
INFO: [Synth 8-3491] module 'CHOICE_PUF' declared at 'C:/Users/ppochiraju2024/Desktop/CHOICE-PUF/hw_src/hdl/CHOICE_PUF.vhd:8' bound to instance 'PUF' of component 'Choice_PUF' [C:/Users/ppochiraju2024/Desktop/CHOICE-PUF/hw_src/hdl/CHOICE_PUF_gen.vhd:35]
INFO: [Synth 8-3491] module 'CHOICE_PUF' declared at 'C:/Users/ppochiraju2024/Desktop/CHOICE-PUF/hw_src/hdl/CHOICE_PUF.vhd:8' bound to instance 'PUF' of component 'Choice_PUF' [C:/Users/ppochiraju2024/Desktop/CHOICE-PUF/hw_src/hdl/CHOICE_PUF_gen.vhd:35]
INFO: [Common 17-14] Message 'Synth 8-3491' appears 100 times and further instances of the messages will be disabled. Use the Tcl command set_msg_config to change the current settings.
INFO: [Synth 8-256] done synthesizing module 'CHOICE_PUF_gen' (2#1) [C:/Users/ppochiraju2024/Desktop/CHOICE-PUF/hw_src/hdl/CHOICE_PUF_gen.vhd:20]
INFO: [Synth 8-256] done synthesizing module 'design_1_CHOICE_PUF_gen_0_0' (3#1) [c:/Users/ppochiraju2024/Desktop/CHOICE-PUF/CHOICE_design/CHOICE_design.srcs/sources_1/bd/design_1/ip/design_1_CHOICE_PUF_gen_0_0/synth/design_1_CHOICE_PUF_gen_0_0.vhd:67]
---------------------------------------------------------------------------------
Finished RTL Elaboration : Time (s): cpu = 00:00:06 ; elapsed = 00:00:06 . Memory (MB): peak = 1002.910 ; gain = 0.000
---------------------------------------------------------------------------------
---------------------------------------------------------------------------------
Start Handling Custom Attributes
---------------------------------------------------------------------------------
---------------------------------------------------------------------------------
Finished Handling Custom Attributes : Time (s): cpu = 00:00:06 ; elapsed = 00:00:07 . Memory (MB): peak = 1002.910 ; gain = 0.000
---------------------------------------------------------------------------------
---------------------------------------------------------------------------------
Finished RTL Optimization Phase 1 : Time (s): cpu = 00:00:06 ; elapsed = 00:00:07 . Memory (MB): peak = 1002.910 ; gain = 0.000
---------------------------------------------------------------------------------
Netlist sorting complete. Time (s): cpu = 00:00:00 ; elapsed = 00:00:00.015 . Memory (MB): peak = 1002.910 ; gain = 0.000
INFO: [Netlist 29-17] Analyzing 128 Unisim elements for replacement
INFO: [Netlist 29-28] Unisim Transformation completed in 0 CPU seconds
INFO: [Project 1-570] Preparing netlist for logic optimization

Processing XDC Constraints
Initializing timing engine
Completed Processing XDC Constraints

Netlist sorting complete. Time (s): cpu = 00:00:00 ; elapsed = 00:00:00 . Memory (MB): peak = 1106.641 ; gain = 0.000
INFO: [Project 1-111] Unisim Transformation Summary:
No Unisim elements were transformed.

Constraint Validation Runtime : Time (s): cpu = 00:00:00 ; elapsed = 00:00:00.077 . Memory (MB): peak = 1106.656 ; gain = 0.016
---------------------------------------------------------------------------------
Finished Constraint Validation : Time (s): cpu = 00:00:12 ; elapsed = 00:00:12 . Memory (MB): peak = 1106.656 ; gain = 103.746
---------------------------------------------------------------------------------
---------------------------------------------------------------------------------
Start Loading Part and Timing Information
---------------------------------------------------------------------------------
Loading part: xc7z020clg400-1
---------------------------------------------------------------------------------
Finished Loading Part and Timing Information : Time (s): cpu = 00:00:12 ; elapsed = 00:00:12 . Memory (MB): peak = 1106.656 ; gain = 103.746
---------------------------------------------------------------------------------
---------------------------------------------------------------------------------
Start Applying 'set_property' XDC Constraints
---------------------------------------------------------------------------------
---------------------------------------------------------------------------------
Finished applying 'set_property' XDC Constraints : Time (s): cpu = 00:00:12 ; elapsed = 00:00:12 . Memory (MB): peak = 1106.656 ; gain = 103.746
---------------------------------------------------------------------------------
---------------------------------------------------------------------------------
Finished RTL Optimization Phase 2 : Time (s): cpu = 00:00:12 ; elapsed = 00:00:13 . Memory (MB): peak = 1106.656 ; gain = 103.746
---------------------------------------------------------------------------------
---------------------------------------------------------------------------------
Start RTL Component Statistics 
---------------------------------------------------------------------------------
Detailed RTL Component Info : 
---------------------------------------------------------------------------------
Finished RTL Component Statistics 
---------------------------------------------------------------------------------
---------------------------------------------------------------------------------
Start Part Resource Summary
---------------------------------------------------------------------------------
Part Resources:
DSPs: 220 (col length:60)
BRAMs: 280 (col length: RAMB18 60 RAMB36 30)
---------------------------------------------------------------------------------
Finished Part Resource Summary
---------------------------------------------------------------------------------
---------------------------------------------------------------------------------
Start Cross Boundary and Area Optimization
---------------------------------------------------------------------------------
---------------------------------------------------------------------------------
Finished Cross Boundary and Area Optimization : Time (s): cpu = 00:00:13 ; elapsed = 00:00:14 . Memory (MB): peak = 1106.656 ; gain = 103.746
---------------------------------------------------------------------------------
---------------------------------------------------------------------------------
Start Applying XDC Timing Constraints
---------------------------------------------------------------------------------
---------------------------------------------------------------------------------
Finished Applying XDC Timing Constraints : Time (s): cpu = 00:00:20 ; elapsed = 00:00:21 . Memory (MB): peak = 1106.656 ; gain = 103.746
---------------------------------------------------------------------------------
---------------------------------------------------------------------------------
Start Timing Optimization
---------------------------------------------------------------------------------
---------------------------------------------------------------------------------
Finished Timing Optimization : Time (s): cpu = 00:00:20 ; elapsed = 00:00:21 . Memory (MB): peak = 1106.656 ; gain = 103.746
---------------------------------------------------------------------------------
---------------------------------------------------------------------------------
Start Technology Mapping
---------------------------------------------------------------------------------
---------------------------------------------------------------------------------
Finished Technology Mapping : Time (s): cpu = 00:00:20 ; elapsed = 00:00:21 . Memory (MB): peak = 1106.656 ; gain = 103.746
---------------------------------------------------------------------------------
---------------------------------------------------------------------------------
Start IO Insertion
---------------------------------------------------------------------------------
---------------------------------------------------------------------------------
Start Flattening Before IO Insertion
---------------------------------------------------------------------------------
---------------------------------------------------------------------------------
Finished Flattening Before IO Insertion
---------------------------------------------------------------------------------
---------------------------------------------------------------------------------
Start Final Netlist Cleanup
---------------------------------------------------------------------------------
---------------------------------------------------------------------------------
Finished Final Netlist Cleanup
---------------------------------------------------------------------------------
---------------------------------------------------------------------------------
Finished IO Insertion : Time (s): cpu = 00:00:23 ; elapsed = 00:00:24 . Memory (MB): peak = 1106.656 ; gain = 103.746
---------------------------------------------------------------------------------
---------------------------------------------------------------------------------
Start Renaming Generated Instances
---------------------------------------------------------------------------------
---------------------------------------------------------------------------------
Finished Renaming Generated Instances : Time (s): cpu = 00:00:23 ; elapsed = 00:00:24 . Memory (MB): peak = 1106.656 ; gain = 103.746
---------------------------------------------------------------------------------
---------------------------------------------------------------------------------
Start Rebuilding User Hierarchy
---------------------------------------------------------------------------------
---------------------------------------------------------------------------------
Finished Rebuilding User Hierarchy : Time (s): cpu = 00:00:23 ; elapsed = 00:00:24 . Memory (MB): peak = 1106.656 ; gain = 103.746
---------------------------------------------------------------------------------
---------------------------------------------------------------------------------
Start Renaming Generated Ports
---------------------------------------------------------------------------------
---------------------------------------------------------------------------------
Finished Renaming Generated Ports : Time (s): cpu = 00:00:23 ; elapsed = 00:00:24 . Memory (MB): peak = 1106.656 ; gain = 103.746
---------------------------------------------------------------------------------
---------------------------------------------------------------------------------
Start Handling Custom Attributes
---------------------------------------------------------------------------------
---------------------------------------------------------------------------------
Finished Handling Custom Attributes : Time (s): cpu = 00:00:23 ; elapsed = 00:00:24 . Memory (MB): peak = 1106.656 ; gain = 103.746
---------------------------------------------------------------------------------
---------------------------------------------------------------------------------
Start Renaming Generated Nets
---------------------------------------------------------------------------------
---------------------------------------------------------------------------------
Finished Renaming Generated Nets : Time (s): cpu = 00:00:23 ; elapsed = 00:00:24 . Memory (MB): peak = 1106.656 ; gain = 103.746
---------------------------------------------------------------------------------
---------------------------------------------------------------------------------
Start Writing Synthesis Report
---------------------------------------------------------------------------------

Report BlackBoxes: 
+-+--------------+----------+
| |BlackBox name |Instances |
+-+--------------+----------+
+-+--------------+----------+

Report Cell Usage: 
+------+--------+------+
|      |Cell    |Count |
+------+--------+------+
|1     |CARRY4  |   128|
|2     |SRLC32E |   512|
|3     |FDPE    |   128|
+------+--------+------+
---------------------------------------------------------------------------------
Finished Writing Synthesis Report : Time (s): cpu = 00:00:23 ; elapsed = 00:00:24 . Memory (MB): peak = 1106.656 ; gain = 103.746
---------------------------------------------------------------------------------
Synthesis finished with 0 errors, 0 critical warnings and 0 warnings.
Synthesis Optimization Runtime : Time (s): cpu = 00:00:15 ; elapsed = 00:00:22 . Memory (MB): peak = 1106.656 ; gain = 0.000
Synthesis Optimization Complete : Time (s): cpu = 00:00:23 ; elapsed = 00:00:24 . Memory (MB): peak = 1106.656 ; gain = 103.746
INFO: [Project 1-571] Translating synthesized netlist
Netlist sorting complete. Time (s): cpu = 00:00:00 ; elapsed = 00:00:00.010 . Memory (MB): peak = 1106.656 ; gain = 0.000
INFO: [Netlist 29-17] Analyzing 128 Unisim elements for replacement
INFO: [Netlist 29-28] Unisim Transformation completed in 0 CPU seconds
INFO: [Project 1-570] Preparing netlist for logic optimization
INFO: [Opt 31-138] Pushed 0 inverter(s) to 0 load pin(s).
Netlist sorting complete. Time (s): cpu = 00:00:00 ; elapsed = 00:00:00 . Memory (MB): peak = 1106.656 ; gain = 0.000
INFO: [Project 1-111] Unisim Transformation Summary:
No Unisim elements were transformed.

INFO: [Common 17-83] Releasing license: Synthesis
132 Infos, 1 Warnings, 0 Critical Warnings and 0 Errors encountered.
synth_design completed successfully
synth_design: Time (s): cpu = 00:00:32 ; elapsed = 00:00:43 . Memory (MB): peak = 1106.656 ; gain = 103.746
INFO: [Common 17-1381] The checkpoint 'C:/Users/ppochiraju2024/Desktop/CHOICE-PUF/CHOICE_design/CHOICE_design.runs/design_1_CHOICE_PUF_gen_0_0_synth_1/design_1_CHOICE_PUF_gen_0_0.dcp' has been generated.
WARNING: [Common 17-576] 'use_project_ipc' is deprecated. This option is deprecated and no longer used.
INFO: [Coretcl 2-1174] Renamed 129 cell refs.
INFO: [Common 17-1381] The checkpoint 'C:/Users/ppochiraju2024/Desktop/CHOICE-PUF/CHOICE_design/CHOICE_design.runs/design_1_CHOICE_PUF_gen_0_0_synth_1/design_1_CHOICE_PUF_gen_0_0.dcp' has been generated.
INFO: [runtcl-4] Executing : report_utilization -file design_1_CHOICE_PUF_gen_0_0_utilization_synth.rpt -pb design_1_CHOICE_PUF_gen_0_0_utilization_synth.pb
INFO: [Common 17-206] Exiting Vivado at Sat May  3 21:33:51 2025...
