
*** Running vivado
    with args -log design_1_read_adapter_0_0.vds -m64 -product Vivado -mode batch -messageDb vivado.pb -notrace -source design_1_read_adapter_0_0.tcl



****** Vivado v2020.1 (64-bit)
  **** SW Build 2902540 on Wed May 27 19:54:49 MDT 2020
  **** IP Build 2902112 on Wed May 27 22:43:36 MDT 2020
    ** Copyright 1986-2020 Xilinx, Inc. All Rights Reserved.

source design_1_read_adapter_0_0.tcl -notrace
create_project: Time (s): cpu = 00:00:02 ; elapsed = 00:00:06 . Memory (MB): peak = 1003.938 ; gain = 0.000
INFO: [IP_Flow 19-234] Refreshing IP repositories
INFO: [IP_Flow 19-1700] Loaded user IP repository 'c:/Users/ppochiraju2024/Desktop/CHOICE-PUF/hw_src/ip_repo'.
INFO: [IP_Flow 19-2313] Loaded Vivado IP repository 'C:/Xilinx1/Vivado/2020.1/data/ip'.
Command: synth_design -top design_1_read_adapter_0_0 -part xc7z020clg400-1 -mode out_of_context
Starting synth_design
Attempting to get a license for feature 'Synthesis' and/or device 'xc7z020'
INFO: [Common 17-349] Got license for feature 'Synthesis' and/or device 'xc7z020'
INFO: [Device 21-403] Loading part xc7z020clg400-1
INFO: [Synth 8-7079] Multithreading enabled for synth_design using a maximum of 2 processes.
INFO: [Synth 8-7078] Launching helper process for spawning children vivado processes
INFO: [Synth 8-7075] Helper process launched with PID 38536
---------------------------------------------------------------------------------
Starting RTL Elaboration : Time (s): cpu = 00:00:04 ; elapsed = 00:00:05 . Memory (MB): peak = 1003.938 ; gain = 0.000
---------------------------------------------------------------------------------
INFO: [Synth 8-638] synthesizing module 'design_1_read_adapter_0_0' [c:/Users/ppochiraju2024/Desktop/CHOICE-PUF/CHOICE_design/CHOICE_design.srcs/sources_1/bd/design_1/ip/design_1_read_adapter_0_0/synth/design_1_read_adapter_0_0.vhd:88]
	Parameter C_S00_AXI_DATA_WIDTH bound to: 32 - type: integer 
	Parameter C_S00_AXI_ADDR_WIDTH bound to: 4 - type: integer 
	Parameter DATA_WIDTH bound to: 64 - type: integer 
INFO: [Synth 8-3491] module 'read_adapter' declared at 'c:/Users/ppochiraju2024/Desktop/CHOICE-PUF/CHOICE_design/CHOICE_design.srcs/sources_1/bd/design_1/ipshared/2062/hdl/read_adapter.vhd:11' bound to instance 'U0' of component 'read_adapter' [c:/Users/ppochiraju2024/Desktop/CHOICE-PUF/CHOICE_design/CHOICE_design.srcs/sources_1/bd/design_1/ip/design_1_read_adapter_0_0/synth/design_1_read_adapter_0_0.vhd:167]
INFO: [Synth 8-638] synthesizing module 'read_adapter' [c:/Users/ppochiraju2024/Desktop/CHOICE-PUF/CHOICE_design/CHOICE_design.srcs/sources_1/bd/design_1/ipshared/2062/hdl/read_adapter.vhd:67]
	Parameter DATA_WIDTH bound to: 64 - type: integer 
	Parameter C_S00_AXI_DATA_WIDTH bound to: 32 - type: integer 
	Parameter C_S00_AXI_ADDR_WIDTH bound to: 4 - type: integer 
	Parameter DATA_WIDTH bound to: 64 - type: integer 
	Parameter C_S_AXI_DATA_WIDTH bound to: 32 - type: integer 
	Parameter C_S_AXI_ADDR_WIDTH bound to: 4 - type: integer 
INFO: [Synth 8-3491] module 'read_adapter_S00_AXI' declared at 'c:/Users/ppochiraju2024/Desktop/CHOICE-PUF/CHOICE_design/CHOICE_design.srcs/sources_1/bd/design_1/ipshared/2062/hdl/read_adapter_S00_AXI.vhd:7' bound to instance 'read_adapter_S00_AXI_inst' of component 'read_adapter_S00_AXI' [c:/Users/ppochiraju2024/Desktop/CHOICE-PUF/CHOICE_design/CHOICE_design.srcs/sources_1/bd/design_1/ipshared/2062/hdl/read_adapter.vhd:117]
INFO: [Synth 8-638] synthesizing module 'read_adapter_S00_AXI' [c:/Users/ppochiraju2024/Desktop/CHOICE-PUF/CHOICE_design/CHOICE_design.srcs/sources_1/bd/design_1/ipshared/2062/hdl/read_adapter_S00_AXI.vhd:97]
	Parameter DATA_WIDTH bound to: 64 - type: integer 
	Parameter C_S_AXI_DATA_WIDTH bound to: 32 - type: integer 
	Parameter C_S_AXI_ADDR_WIDTH bound to: 4 - type: integer 
INFO: [Synth 8-226] default block is never used [c:/Users/ppochiraju2024/Desktop/CHOICE-PUF/CHOICE_design/CHOICE_design.srcs/sources_1/bd/design_1/ipshared/2062/hdl/read_adapter_S00_AXI.vhd:236]
INFO: [Synth 8-226] default block is never used [c:/Users/ppochiraju2024/Desktop/CHOICE-PUF/CHOICE_design/CHOICE_design.srcs/sources_1/bd/design_1/ipshared/2062/hdl/read_adapter_S00_AXI.vhd:368]
INFO: [Synth 8-256] done synthesizing module 'read_adapter_S00_AXI' (1#1) [c:/Users/ppochiraju2024/Desktop/CHOICE-PUF/CHOICE_design/CHOICE_design.srcs/sources_1/bd/design_1/ipshared/2062/hdl/read_adapter_S00_AXI.vhd:97]
INFO: [Synth 8-256] done synthesizing module 'read_adapter' (2#1) [c:/Users/ppochiraju2024/Desktop/CHOICE-PUF/CHOICE_design/CHOICE_design.srcs/sources_1/bd/design_1/ipshared/2062/hdl/read_adapter.vhd:67]
INFO: [Synth 8-256] done synthesizing module 'design_1_read_adapter_0_0' (3#1) [c:/Users/ppochiraju2024/Desktop/CHOICE-PUF/CHOICE_design/CHOICE_design.srcs/sources_1/bd/design_1/ip/design_1_read_adapter_0_0/synth/design_1_read_adapter_0_0.vhd:88]
---------------------------------------------------------------------------------
Finished RTL Elaboration : Time (s): cpu = 00:00:05 ; elapsed = 00:00:06 . Memory (MB): peak = 1003.938 ; gain = 0.000
---------------------------------------------------------------------------------
---------------------------------------------------------------------------------
Start Handling Custom Attributes
---------------------------------------------------------------------------------
---------------------------------------------------------------------------------
Finished Handling Custom Attributes : Time (s): cpu = 00:00:06 ; elapsed = 00:00:07 . Memory (MB): peak = 1003.938 ; gain = 0.000
---------------------------------------------------------------------------------
---------------------------------------------------------------------------------
Finished RTL Optimization Phase 1 : Time (s): cpu = 00:00:06 ; elapsed = 00:00:07 . Memory (MB): peak = 1003.938 ; gain = 0.000
---------------------------------------------------------------------------------
Netlist sorting complete. Time (s): cpu = 00:00:00 ; elapsed = 00:00:00.008 . Memory (MB): peak = 1003.938 ; gain = 0.000
INFO: [Project 1-570] Preparing netlist for logic optimization

Processing XDC Constraints
Initializing timing engine
Completed Processing XDC Constraints

Netlist sorting complete. Time (s): cpu = 00:00:00 ; elapsed = 00:00:00.001 . Memory (MB): peak = 1090.996 ; gain = 0.000
INFO: [Project 1-111] Unisim Transformation Summary:
No Unisim elements were transformed.

Constraint Validation Runtime : Time (s): cpu = 00:00:00 ; elapsed = 00:00:00.031 . Memory (MB): peak = 1091.023 ; gain = 0.027
---------------------------------------------------------------------------------
Finished Constraint Validation : Time (s): cpu = 00:00:11 ; elapsed = 00:00:12 . Memory (MB): peak = 1091.023 ; gain = 87.086
---------------------------------------------------------------------------------
---------------------------------------------------------------------------------
Start Loading Part and Timing Information
---------------------------------------------------------------------------------
Loading part: xc7z020clg400-1
---------------------------------------------------------------------------------
Finished Loading Part and Timing Information : Time (s): cpu = 00:00:11 ; elapsed = 00:00:12 . Memory (MB): peak = 1091.023 ; gain = 87.086
---------------------------------------------------------------------------------
---------------------------------------------------------------------------------
Start Applying 'set_property' XDC Constraints
---------------------------------------------------------------------------------
---------------------------------------------------------------------------------
Finished applying 'set_property' XDC Constraints : Time (s): cpu = 00:00:11 ; elapsed = 00:00:12 . Memory (MB): peak = 1091.023 ; gain = 87.086
---------------------------------------------------------------------------------
---------------------------------------------------------------------------------
Finished RTL Optimization Phase 2 : Time (s): cpu = 00:00:11 ; elapsed = 00:00:13 . Memory (MB): peak = 1091.023 ; gain = 87.086
---------------------------------------------------------------------------------
---------------------------------------------------------------------------------
Start RTL Component Statistics 
---------------------------------------------------------------------------------
Detailed RTL Component Info : 
+---Registers : 
	               32 Bit    Registers := 5     
	                4 Bit    Registers := 2     
	                2 Bit    Registers := 2     
	                1 Bit    Registers := 7     
+---Muxes : 
	   2 Input   64 Bit        Muxes := 2     
	   2 Input   32 Bit        Muxes := 4     
	   4 Input   32 Bit        Muxes := 5     
	   2 Input    1 Bit        Muxes := 6     
	   4 Input    1 Bit        Muxes := 2     
	   5 Input    1 Bit        Muxes := 2     
---------------------------------------------------------------------------------
Finished RTL Component Statistics 
---------------------------------------------------------------------------------
---------------------------------------------------------------------------------
Start Part Resource Summary
---------------------------------------------------------------------------------
Part Resources:
DSPs: 220 (col length:60)
BRAMs: 280 (col length: RAMB18 60 RAMB36 30)
---------------------------------------------------------------------------------
Finished Part Resource Summary
---------------------------------------------------------------------------------
---------------------------------------------------------------------------------
Start Cross Boundary and Area Optimization
---------------------------------------------------------------------------------
---------------------------------------------------------------------------------
Finished Cross Boundary and Area Optimization : Time (s): cpu = 00:00:13 ; elapsed = 00:00:14 . Memory (MB): peak = 1091.023 ; gain = 87.086
---------------------------------------------------------------------------------
---------------------------------------------------------------------------------
Start Applying XDC Timing Constraints
---------------------------------------------------------------------------------
---------------------------------------------------------------------------------
Finished Applying XDC Timing Constraints : Time (s): cpu = 00:00:19 ; elapsed = 00:00:21 . Memory (MB): peak = 1091.023 ; gain = 87.086
---------------------------------------------------------------------------------
---------------------------------------------------------------------------------
Start Timing Optimization
---------------------------------------------------------------------------------
---------------------------------------------------------------------------------
Finished Timing Optimization : Time (s): cpu = 00:00:19 ; elapsed = 00:00:21 . Memory (MB): peak = 1091.023 ; gain = 87.086
---------------------------------------------------------------------------------
---------------------------------------------------------------------------------
Start Technology Mapping
---------------------------------------------------------------------------------
---------------------------------------------------------------------------------
Finished Technology Mapping : Time (s): cpu = 00:00:20 ; elapsed = 00:00:21 . Memory (MB): peak = 1100.121 ; gain = 96.184
---------------------------------------------------------------------------------
---------------------------------------------------------------------------------
Start IO Insertion
---------------------------------------------------------------------------------
---------------------------------------------------------------------------------
Start Flattening Before IO Insertion
---------------------------------------------------------------------------------
---------------------------------------------------------------------------------
Finished Flattening Before IO Insertion
---------------------------------------------------------------------------------
---------------------------------------------------------------------------------
Start Final Netlist Cleanup
---------------------------------------------------------------------------------
---------------------------------------------------------------------------------
Finished Final Netlist Cleanup
---------------------------------------------------------------------------------
---------------------------------------------------------------------------------
Finished IO Insertion : Time (s): cpu = 00:00:22 ; elapsed = 00:00:24 . Memory (MB): peak = 1105.941 ; gain = 102.004
---------------------------------------------------------------------------------
---------------------------------------------------------------------------------
Start Renaming Generated Instances
---------------------------------------------------------------------------------
---------------------------------------------------------------------------------
Finished Renaming Generated Instances : Time (s): cpu = 00:00:22 ; elapsed = 00:00:24 . Memory (MB): peak = 1105.941 ; gain = 102.004
---------------------------------------------------------------------------------
---------------------------------------------------------------------------------
Start Rebuilding User Hierarchy
---------------------------------------------------------------------------------
---------------------------------------------------------------------------------
Finished Rebuilding User Hierarchy : Time (s): cpu = 00:00:22 ; elapsed = 00:00:24 . Memory (MB): peak = 1105.941 ; gain = 102.004
---------------------------------------------------------------------------------
---------------------------------------------------------------------------------
Start Renaming Generated Ports
---------------------------------------------------------------------------------
---------------------------------------------------------------------------------
Finished Renaming Generated Ports : Time (s): cpu = 00:00:22 ; elapsed = 00:00:24 . Memory (MB): peak = 1105.941 ; gain = 102.004
---------------------------------------------------------------------------------
---------------------------------------------------------------------------------
Start Handling Custom Attributes
---------------------------------------------------------------------------------
---------------------------------------------------------------------------------
Finished Handling Custom Attributes : Time (s): cpu = 00:00:22 ; elapsed = 00:00:24 . Memory (MB): peak = 1105.941 ; gain = 102.004
---------------------------------------------------------------------------------
---------------------------------------------------------------------------------
Start Renaming Generated Nets
---------------------------------------------------------------------------------
---------------------------------------------------------------------------------
Finished Renaming Generated Nets : Time (s): cpu = 00:00:22 ; elapsed = 00:00:24 . Memory (MB): peak = 1105.941 ; gain = 102.004
---------------------------------------------------------------------------------
---------------------------------------------------------------------------------
Start Writing Synthesis Report
---------------------------------------------------------------------------------

Report BlackBoxes: 
+-+--------------+----------+
| |BlackBox name |Instances |
+-+--------------+----------+
+-+--------------+----------+

Report Cell Usage: 
+------+-----+------+
|      |Cell |Count |
+------+-----+------+
|1     |LUT1 |     1|
|2     |LUT2 |     4|
|3     |LUT3 |     4|
|4     |LUT4 |    21|
|5     |LUT5 |    36|
|6     |LUT6 |    67|
|7     |FDRE |   169|
|8     |FDSE |     2|
+------+-----+------+
---------------------------------------------------------------------------------
Finished Writing Synthesis Report : Time (s): cpu = 00:00:22 ; elapsed = 00:00:24 . Memory (MB): peak = 1105.941 ; gain = 102.004
---------------------------------------------------------------------------------
Synthesis finished with 0 errors, 0 critical warnings and 0 warnings.
Synthesis Optimization Runtime : Time (s): cpu = 00:00:15 ; elapsed = 00:00:22 . Memory (MB): peak = 1105.941 ; gain = 14.918
Synthesis Optimization Complete : Time (s): cpu = 00:00:23 ; elapsed = 00:00:24 . Memory (MB): peak = 1105.941 ; gain = 102.004
INFO: [Project 1-571] Translating synthesized netlist
Netlist sorting complete. Time (s): cpu = 00:00:00 ; elapsed = 00:00:00.006 . Memory (MB): peak = 1117.949 ; gain = 0.000
INFO: [Project 1-570] Preparing netlist for logic optimization
INFO: [Opt 31-138] Pushed 0 inverter(s) to 0 load pin(s).
Netlist sorting complete. Time (s): cpu = 00:00:00 ; elapsed = 00:00:00 . Memory (MB): peak = 1121.242 ; gain = 0.000
INFO: [Project 1-111] Unisim Transformation Summary:
No Unisim elements were transformed.

INFO: [Common 17-83] Releasing license: Synthesis
25 Infos, 0 Warnings, 0 Critical Warnings and 0 Errors encountered.
synth_design completed successfully
synth_design: Time (s): cpu = 00:00:32 ; elapsed = 00:00:42 . Memory (MB): peak = 1121.242 ; gain = 117.305
INFO: [Common 17-1381] The checkpoint 'C:/Users/ppochiraju2024/Desktop/CHOICE-PUF/CHOICE_design/CHOICE_design.runs/design_1_read_adapter_0_0_synth_1/design_1_read_adapter_0_0.dcp' has been generated.
WARNING: [Common 17-576] 'use_project_ipc' is deprecated. This option is deprecated and no longer used.
INFO: [Coretcl 2-1648] Added synthesis output to IP cache for IP design_1_read_adapter_0_0, cache-ID = 8535d7d0b12e053f
INFO: [Coretcl 2-1174] Renamed 2 cell refs.
INFO: [Common 17-1381] The checkpoint 'C:/Users/ppochiraju2024/Desktop/CHOICE-PUF/CHOICE_design/CHOICE_design.runs/design_1_read_adapter_0_0_synth_1/design_1_read_adapter_0_0.dcp' has been generated.
INFO: [runtcl-4] Executing : report_utilization -file design_1_read_adapter_0_0_utilization_synth.rpt -pb design_1_read_adapter_0_0_utilization_synth.pb
INFO: [Common 17-206] Exiting Vivado at Sat May  3 21:33:50 2025...
