
*** Running vivado
    with args -log design_1_wrapper.vdi -applog -m64 -product Vivado -messageDb vivado.pb -mode batch -source design_1_wrapper.tcl -notrace



****** Vivado v2020.1 (64-bit)
  **** SW Build 2902540 on Wed May 27 19:54:49 MDT 2020
  **** IP Build 2902112 on Wed May 27 22:43:36 MDT 2020
    ** Copyright 1986-2020 Xilinx, Inc. All Rights Reserved.

source design_1_wrapper.tcl -notrace
INFO: [IP_Flow 19-234] Refreshing IP repositories
INFO: [IP_Flow 19-1700] Loaded user IP repository 'c:/Users/ppochiraju2024/Desktop/CHOICE-PUF/hw_src/ip_repo'.
INFO: [IP_Flow 19-2313] Loaded Vivado IP repository 'C:/Xilinx1/Vivado/2020.1/data/ip'.
Command: link_design -top design_1_wrapper -part xc7z020clg400-1
Design is defaulting to srcset: sources_1
Design is defaulting to constrset: constrs_1
INFO: [Device 21-403] Loading part xc7z020clg400-1
INFO: [Project 1-454] Reading design checkpoint 'c:/Users/ppochiraju2024/Desktop/CHOICE-PUF/CHOICE_design/CHOICE_design.srcs/sources_1/bd/design_1/ip/design_1_CHOICE_PUF_gen_0_0/design_1_CHOICE_PUF_gen_0_0.dcp' for cell 'design_1_i/CHOICE_PUF_gen_0'
INFO: [Project 1-454] Reading design checkpoint 'c:/Users/ppochiraju2024/Desktop/CHOICE-PUF/CHOICE_design/CHOICE_design.srcs/sources_1/bd/design_1/ip/design_1_PUF_controller_0_0/design_1_PUF_controller_0_0.dcp' for cell 'design_1_i/PUF_controller_0'
INFO: [Project 1-454] Reading design checkpoint 'c:/Users/ppochiraju2024/Desktop/CHOICE-PUF/CHOICE_design/CHOICE_design.srcs/sources_1/bd/design_1/ip/design_1_processing_system7_0_0/design_1_processing_system7_0_0.dcp' for cell 'design_1_i/processing_system7_0'
INFO: [Project 1-454] Reading design checkpoint 'c:/Users/ppochiraju2024/Desktop/CHOICE-PUF/CHOICE_design/CHOICE_design.srcs/sources_1/bd/design_1/ip/design_1_read_adapter_0_0/design_1_read_adapter_0_0.dcp' for cell 'design_1_i/read_adapter_0'
INFO: [Project 1-454] Reading design checkpoint 'c:/Users/ppochiraju2024/Desktop/CHOICE-PUF/CHOICE_design/CHOICE_design.srcs/sources_1/bd/design_1/ip/design_1_rst_ps7_0_50M_0/design_1_rst_ps7_0_50M_0.dcp' for cell 'design_1_i/rst_ps7_0_50M'
INFO: [Project 1-454] Reading design checkpoint 'c:/Users/ppochiraju2024/Desktop/CHOICE-PUF/CHOICE_design/CHOICE_design.srcs/sources_1/bd/design_1/ip/design_1_write_adapter_0_0/design_1_write_adapter_0_0.dcp' for cell 'design_1_i/write_adapter_0'
INFO: [Project 1-454] Reading design checkpoint 'c:/Users/ppochiraju2024/Desktop/CHOICE-PUF/CHOICE_design/CHOICE_design.srcs/sources_1/bd/design_1/ip/design_1_xadc_wiz_0_0/design_1_xadc_wiz_0_0.dcp' for cell 'design_1_i/xadc_wiz_0'
INFO: [Project 1-454] Reading design checkpoint 'c:/Users/ppochiraju2024/Desktop/CHOICE-PUF/CHOICE_design/CHOICE_design.srcs/sources_1/bd/design_1/ip/design_1_xbar_0/design_1_xbar_0.dcp' for cell 'design_1_i/ps7_0_axi_periph/xbar'
INFO: [Project 1-454] Reading design checkpoint 'c:/Users/ppochiraju2024/Desktop/CHOICE-PUF/CHOICE_design/CHOICE_design.srcs/sources_1/bd/design_1/ip/design_1_auto_pc_0/design_1_auto_pc_0.dcp' for cell 'design_1_i/ps7_0_axi_periph/s00_couplers/auto_pc'
Netlist sorting complete. Time (s): cpu = 00:00:01 ; elapsed = 00:00:00.067 . Memory (MB): peak = 1029.805 ; gain = 0.000
INFO: [Netlist 29-17] Analyzing 155 Unisim elements for replacement
INFO: [Netlist 29-28] Unisim Transformation completed in 0 CPU seconds
INFO: [Project 1-479] Netlist was created with Vivado 2020.1
INFO: [Project 1-570] Preparing netlist for logic optimization
Parsing XDC File [c:/Users/ppochiraju2024/Desktop/CHOICE-PUF/CHOICE_design/CHOICE_design.srcs/sources_1/bd/design_1/ip/design_1_processing_system7_0_0/design_1_processing_system7_0_0.xdc] for cell 'design_1_i/processing_system7_0/inst'
Finished Parsing XDC File [c:/Users/ppochiraju2024/Desktop/CHOICE-PUF/CHOICE_design/CHOICE_design.srcs/sources_1/bd/design_1/ip/design_1_processing_system7_0_0/design_1_processing_system7_0_0.xdc] for cell 'design_1_i/processing_system7_0/inst'
Parsing XDC File [c:/Users/ppochiraju2024/Desktop/CHOICE-PUF/CHOICE_design/CHOICE_design.srcs/sources_1/bd/design_1/ip/design_1_rst_ps7_0_50M_0/design_1_rst_ps7_0_50M_0_board.xdc] for cell 'design_1_i/rst_ps7_0_50M/U0'
Finished Parsing XDC File [c:/Users/ppochiraju2024/Desktop/CHOICE-PUF/CHOICE_design/CHOICE_design.srcs/sources_1/bd/design_1/ip/design_1_rst_ps7_0_50M_0/design_1_rst_ps7_0_50M_0_board.xdc] for cell 'design_1_i/rst_ps7_0_50M/U0'
Parsing XDC File [c:/Users/ppochiraju2024/Desktop/CHOICE-PUF/CHOICE_design/CHOICE_design.srcs/sources_1/bd/design_1/ip/design_1_rst_ps7_0_50M_0/design_1_rst_ps7_0_50M_0.xdc] for cell 'design_1_i/rst_ps7_0_50M/U0'
Finished Parsing XDC File [c:/Users/ppochiraju2024/Desktop/CHOICE-PUF/CHOICE_design/CHOICE_design.srcs/sources_1/bd/design_1/ip/design_1_rst_ps7_0_50M_0/design_1_rst_ps7_0_50M_0.xdc] for cell 'design_1_i/rst_ps7_0_50M/U0'
Parsing XDC File [c:/Users/ppochiraju2024/Desktop/CHOICE-PUF/CHOICE_design/CHOICE_design.srcs/sources_1/bd/design_1/ip/design_1_xadc_wiz_0_0/design_1_xadc_wiz_0_0.xdc] for cell 'design_1_i/xadc_wiz_0/U0'
Finished Parsing XDC File [c:/Users/ppochiraju2024/Desktop/CHOICE-PUF/CHOICE_design/CHOICE_design.srcs/sources_1/bd/design_1/ip/design_1_xadc_wiz_0_0/design_1_xadc_wiz_0_0.xdc] for cell 'design_1_i/xadc_wiz_0/U0'
Parsing XDC File [C:/Users/ppochiraju2024/Desktop/CHOICE-PUF/hw_src/constraints/base_constraints.xdc]
WARNING: [Vivado 12-180] No cells matched 'GEN_PUF\[.*\].PUF/.*'. [C:/Users/ppochiraju2024/Desktop/CHOICE-PUF/hw_src/constraints/base_constraints.xdc:4]
CRITICAL WARNING: [Vivado 12-1433] Expecting a non-empty list of cells to be added to the pblock.  Please verify the correctness of the <cells> argument. [C:/Users/ppochiraju2024/Desktop/CHOICE-PUF/hw_src/constraints/base_constraints.xdc:4]
WARNING: [Vivado 12-584] No ports matched 'clk'. [C:/Users/ppochiraju2024/Desktop/CHOICE-PUF/hw_src/constraints/base_constraints.xdc:14]
CRITICAL WARNING: [Common 17-55] 'set_property' expects at least one object. [C:/Users/ppochiraju2024/Desktop/CHOICE-PUF/hw_src/constraints/base_constraints.xdc:14]
Resolution: If [get_<value>] was used to populate the object, check to make sure this command returns at least one valid object.
WARNING: [Vivado 12-584] No ports matched 'clk'. [C:/Users/ppochiraju2024/Desktop/CHOICE-PUF/hw_src/constraints/base_constraints.xdc:15]
CRITICAL WARNING: [Common 17-55] 'set_property' expects at least one object. [C:/Users/ppochiraju2024/Desktop/CHOICE-PUF/hw_src/constraints/base_constraints.xdc:15]
Resolution: If [get_<value>] was used to populate the object, check to make sure this command returns at least one valid object.
WARNING: [Vivado 12-584] No ports matched 'ff_reset'. [C:/Users/ppochiraju2024/Desktop/CHOICE-PUF/hw_src/constraints/base_constraints.xdc:17]
CRITICAL WARNING: [Common 17-55] 'set_property' expects at least one object. [C:/Users/ppochiraju2024/Desktop/CHOICE-PUF/hw_src/constraints/base_constraints.xdc:17]
Resolution: If [get_<value>] was used to populate the object, check to make sure this command returns at least one valid object.
WARNING: [Vivado 12-584] No ports matched 'ff_reset'. [C:/Users/ppochiraju2024/Desktop/CHOICE-PUF/hw_src/constraints/base_constraints.xdc:18]
CRITICAL WARNING: [Common 17-55] 'set_property' expects at least one object. [C:/Users/ppochiraju2024/Desktop/CHOICE-PUF/hw_src/constraints/base_constraints.xdc:18]
Resolution: If [get_<value>] was used to populate the object, check to make sure this command returns at least one valid object.
WARNING: [Vivado 12-584] No ports matched 'chip_enable'. [C:/Users/ppochiraju2024/Desktop/CHOICE-PUF/hw_src/constraints/base_constraints.xdc:20]
CRITICAL WARNING: [Common 17-55] 'set_property' expects at least one object. [C:/Users/ppochiraju2024/Desktop/CHOICE-PUF/hw_src/constraints/base_constraints.xdc:20]
Resolution: If [get_<value>] was used to populate the object, check to make sure this command returns at least one valid object.
WARNING: [Vivado 12-584] No ports matched 'chip_enable'. [C:/Users/ppochiraju2024/Desktop/CHOICE-PUF/hw_src/constraints/base_constraints.xdc:21]
CRITICAL WARNING: [Common 17-55] 'set_property' expects at least one object. [C:/Users/ppochiraju2024/Desktop/CHOICE-PUF/hw_src/constraints/base_constraints.xdc:21]
Resolution: If [get_<value>] was used to populate the object, check to make sure this command returns at least one valid object.
WARNING: [Vivado 12-584] No ports matched 'ASR_data_conf[0]'. [C:/Users/ppochiraju2024/Desktop/CHOICE-PUF/hw_src/constraints/base_constraints.xdc:24]
CRITICAL WARNING: [Common 17-55] 'set_property' expects at least one object. [C:/Users/ppochiraju2024/Desktop/CHOICE-PUF/hw_src/constraints/base_constraints.xdc:24]
Resolution: If [get_<value>] was used to populate the object, check to make sure this command returns at least one valid object.
WARNING: [Vivado 12-584] No ports matched 'ASR_data_conf[1]'. [C:/Users/ppochiraju2024/Desktop/CHOICE-PUF/hw_src/constraints/base_constraints.xdc:25]
CRITICAL WARNING: [Common 17-55] 'set_property' expects at least one object. [C:/Users/ppochiraju2024/Desktop/CHOICE-PUF/hw_src/constraints/base_constraints.xdc:25]
Resolution: If [get_<value>] was used to populate the object, check to make sure this command returns at least one valid object.
WARNING: [Vivado 12-584] No ports matched 'ASR_data_conf[*]'. [C:/Users/ppochiraju2024/Desktop/CHOICE-PUF/hw_src/constraints/base_constraints.xdc:26]
CRITICAL WARNING: [Common 17-55] 'set_property' expects at least one object. [C:/Users/ppochiraju2024/Desktop/CHOICE-PUF/hw_src/constraints/base_constraints.xdc:26]
Resolution: If [get_<value>] was used to populate the object, check to make sure this command returns at least one valid object.
WARNING: [Vivado 12-584] No ports matched 'ASR_length_conf[0]'. [C:/Users/ppochiraju2024/Desktop/CHOICE-PUF/hw_src/constraints/base_constraints.xdc:29]
CRITICAL WARNING: [Common 17-55] 'set_property' expects at least one object. [C:/Users/ppochiraju2024/Desktop/CHOICE-PUF/hw_src/constraints/base_constraints.xdc:29]
Resolution: If [get_<value>] was used to populate the object, check to make sure this command returns at least one valid object.
WARNING: [Vivado 12-584] No ports matched 'ASR_length_conf[1]'. [C:/Users/ppochiraju2024/Desktop/CHOICE-PUF/hw_src/constraints/base_constraints.xdc:30]
CRITICAL WARNING: [Common 17-55] 'set_property' expects at least one object. [C:/Users/ppochiraju2024/Desktop/CHOICE-PUF/hw_src/constraints/base_constraints.xdc:30]
Resolution: If [get_<value>] was used to populate the object, check to make sure this command returns at least one valid object.
WARNING: [Vivado 12-584] No ports matched 'ASR_length_conf[*]'. [C:/Users/ppochiraju2024/Desktop/CHOICE-PUF/hw_src/constraints/base_constraints.xdc:31]
CRITICAL WARNING: [Common 17-55] 'set_property' expects at least one object. [C:/Users/ppochiraju2024/Desktop/CHOICE-PUF/hw_src/constraints/base_constraints.xdc:31]
Resolution: If [get_<value>] was used to populate the object, check to make sure this command returns at least one valid object.
WARNING: [Vivado 12-584] No ports matched 'puf_response[0]'. [C:/Users/ppochiraju2024/Desktop/CHOICE-PUF/hw_src/constraints/base_constraints.xdc:34]
CRITICAL WARNING: [Common 17-55] 'set_property' expects at least one object. [C:/Users/ppochiraju2024/Desktop/CHOICE-PUF/hw_src/constraints/base_constraints.xdc:34]
Resolution: If [get_<value>] was used to populate the object, check to make sure this command returns at least one valid object.
WARNING: [Vivado 12-584] No ports matched 'puf_response[1]'. [C:/Users/ppochiraju2024/Desktop/CHOICE-PUF/hw_src/constraints/base_constraints.xdc:35]
CRITICAL WARNING: [Common 17-55] 'set_property' expects at least one object. [C:/Users/ppochiraju2024/Desktop/CHOICE-PUF/hw_src/constraints/base_constraints.xdc:35]
Resolution: If [get_<value>] was used to populate the object, check to make sure this command returns at least one valid object.
WARNING: [Vivado 12-584] No ports matched 'puf_response[2]'. [C:/Users/ppochiraju2024/Desktop/CHOICE-PUF/hw_src/constraints/base_constraints.xdc:36]
CRITICAL WARNING: [Common 17-55] 'set_property' expects at least one object. [C:/Users/ppochiraju2024/Desktop/CHOICE-PUF/hw_src/constraints/base_constraints.xdc:36]
Resolution: If [get_<value>] was used to populate the object, check to make sure this command returns at least one valid object.
WARNING: [Vivado 12-584] No ports matched 'puf_response[3]'. [C:/Users/ppochiraju2024/Desktop/CHOICE-PUF/hw_src/constraints/base_constraints.xdc:37]
CRITICAL WARNING: [Common 17-55] 'set_property' expects at least one object. [C:/Users/ppochiraju2024/Desktop/CHOICE-PUF/hw_src/constraints/base_constraints.xdc:37]
Resolution: If [get_<value>] was used to populate the object, check to make sure this command returns at least one valid object.
WARNING: [Vivado 12-584] No ports matched 'puf_response[*]'. [C:/Users/ppochiraju2024/Desktop/CHOICE-PUF/hw_src/constraints/base_constraints.xdc:38]
CRITICAL WARNING: [Common 17-55] 'set_property' expects at least one object. [C:/Users/ppochiraju2024/Desktop/CHOICE-PUF/hw_src/constraints/base_constraints.xdc:38]
Resolution: If [get_<value>] was used to populate the object, check to make sure this command returns at least one valid object.
Finished Parsing XDC File [C:/Users/ppochiraju2024/Desktop/CHOICE-PUF/hw_src/constraints/base_constraints.xdc]
Parsing XDC File [C:/Users/ppochiraju2024/Desktop/CHOICE-PUF/hw_src/constraints/PUF_constraints.xdc]
WARNING: [Vivado 12-180] No cells matched 'GEN_PUF[9].PUF/CARRY4_inst'. [C:/Users/ppochiraju2024/Desktop/CHOICE-PUF/hw_src/constraints/PUF_constraints.xdc:1]
CRITICAL WARNING: [Common 17-55] 'set_property' expects at least one object. [C:/Users/ppochiraju2024/Desktop/CHOICE-PUF/hw_src/constraints/PUF_constraints.xdc:1]
Resolution: If [get_<value>] was used to populate the object, check to make sure this command returns at least one valid object.
WARNING: [Vivado 12-180] No cells matched 'GEN_PUF[15].PUF/CARRY4_inst'. [C:/Users/ppochiraju2024/Desktop/CHOICE-PUF/hw_src/constraints/PUF_constraints.xdc:2]
CRITICAL WARNING: [Common 17-55] 'set_property' expects at least one object. [C:/Users/ppochiraju2024/Desktop/CHOICE-PUF/hw_src/constraints/PUF_constraints.xdc:2]
Resolution: If [get_<value>] was used to populate the object, check to make sure this command returns at least one valid object.
WARNING: [Vivado 12-180] No cells matched 'GEN_PUF[17].PUF/CARRY4_inst'. [C:/Users/ppochiraju2024/Desktop/CHOICE-PUF/hw_src/constraints/PUF_constraints.xdc:3]
CRITICAL WARNING: [Common 17-55] 'set_property' expects at least one object. [C:/Users/ppochiraju2024/Desktop/CHOICE-PUF/hw_src/constraints/PUF_constraints.xdc:3]
Resolution: If [get_<value>] was used to populate the object, check to make sure this command returns at least one valid object.
WARNING: [Vivado 12-180] No cells matched 'GEN_PUF[19].PUF/CARRY4_inst'. [C:/Users/ppochiraju2024/Desktop/CHOICE-PUF/hw_src/constraints/PUF_constraints.xdc:4]
CRITICAL WARNING: [Common 17-55] 'set_property' expects at least one object. [C:/Users/ppochiraju2024/Desktop/CHOICE-PUF/hw_src/constraints/PUF_constraints.xdc:4]
Resolution: If [get_<value>] was used to populate the object, check to make sure this command returns at least one valid object.
WARNING: [Vivado 12-180] No cells matched 'GEN_PUF[21].PUF/CARRY4_inst'. [C:/Users/ppochiraju2024/Desktop/CHOICE-PUF/hw_src/constraints/PUF_constraints.xdc:5]
CRITICAL WARNING: [Common 17-55] 'set_property' expects at least one object. [C:/Users/ppochiraju2024/Desktop/CHOICE-PUF/hw_src/constraints/PUF_constraints.xdc:5]
Resolution: If [get_<value>] was used to populate the object, check to make sure this command returns at least one valid object.
WARNING: [Vivado 12-180] No cells matched 'GEN_PUF[23].PUF/CARRY4_inst'. [C:/Users/ppochiraju2024/Desktop/CHOICE-PUF/hw_src/constraints/PUF_constraints.xdc:6]
CRITICAL WARNING: [Common 17-55] 'set_property' expects at least one object. [C:/Users/ppochiraju2024/Desktop/CHOICE-PUF/hw_src/constraints/PUF_constraints.xdc:6]
Resolution: If [get_<value>] was used to populate the object, check to make sure this command returns at least one valid object.
WARNING: [Vivado 12-180] No cells matched 'GEN_PUF[25].PUF/CARRY4_inst'. [C:/Users/ppochiraju2024/Desktop/CHOICE-PUF/hw_src/constraints/PUF_constraints.xdc:7]
CRITICAL WARNING: [Common 17-55] 'set_property' expects at least one object. [C:/Users/ppochiraju2024/Desktop/CHOICE-PUF/hw_src/constraints/PUF_constraints.xdc:7]
Resolution: If [get_<value>] was used to populate the object, check to make sure this command returns at least one valid object.
WARNING: [Vivado 12-180] No cells matched 'GEN_PUF[27].PUF/CARRY4_inst'. [C:/Users/ppochiraju2024/Desktop/CHOICE-PUF/hw_src/constraints/PUF_constraints.xdc:8]
CRITICAL WARNING: [Common 17-55] 'set_property' expects at least one object. [C:/Users/ppochiraju2024/Desktop/CHOICE-PUF/hw_src/constraints/PUF_constraints.xdc:8]
Resolution: If [get_<value>] was used to populate the object, check to make sure this command returns at least one valid object.
WARNING: [Vivado 12-180] No cells matched 'GEN_PUF[0].PUF/SRLC32E_inst_0'. [C:/Users/ppochiraju2024/Desktop/CHOICE-PUF/hw_src/constraints/PUF_constraints.xdc:10]
CRITICAL WARNING: [Common 17-55] 'set_property' expects at least one object. [C:/Users/ppochiraju2024/Desktop/CHOICE-PUF/hw_src/constraints/PUF_constraints.xdc:10]
Resolution: If [get_<value>] was used to populate the object, check to make sure this command returns at least one valid object.
WARNING: [Vivado 12-180] No cells matched 'GEN_PUF[0].PUF/SRLC32E_inst_1'. [C:/Users/ppochiraju2024/Desktop/CHOICE-PUF/hw_src/constraints/PUF_constraints.xdc:11]
CRITICAL WARNING: [Common 17-55] 'set_property' expects at least one object. [C:/Users/ppochiraju2024/Desktop/CHOICE-PUF/hw_src/constraints/PUF_constraints.xdc:11]
Resolution: If [get_<value>] was used to populate the object, check to make sure this command returns at least one valid object.
WARNING: [Vivado 12-180] No cells matched 'GEN_PUF[0].PUF/SRLC32E_inst_2'. [C:/Users/ppochiraju2024/Desktop/CHOICE-PUF/hw_src/constraints/PUF_constraints.xdc:12]
CRITICAL WARNING: [Common 17-55] 'set_property' expects at least one object. [C:/Users/ppochiraju2024/Desktop/CHOICE-PUF/hw_src/constraints/PUF_constraints.xdc:12]
Resolution: If [get_<value>] was used to populate the object, check to make sure this command returns at least one valid object.
WARNING: [Vivado 12-180] No cells matched 'GEN_PUF[0].PUF/SRLC32E_inst_3'. [C:/Users/ppochiraju2024/Desktop/CHOICE-PUF/hw_src/constraints/PUF_constraints.xdc:13]
CRITICAL WARNING: [Common 17-55] 'set_property' expects at least one object. [C:/Users/ppochiraju2024/Desktop/CHOICE-PUF/hw_src/constraints/PUF_constraints.xdc:13]
Resolution: If [get_<value>] was used to populate the object, check to make sure this command returns at least one valid object.
WARNING: [Vivado 12-180] No cells matched 'GEN_PUF[0].PUF/FDCPE_inst'. [C:/Users/ppochiraju2024/Desktop/CHOICE-PUF/hw_src/constraints/PUF_constraints.xdc:14]
CRITICAL WARNING: [Common 17-55] 'set_property' expects at least one object. [C:/Users/ppochiraju2024/Desktop/CHOICE-PUF/hw_src/constraints/PUF_constraints.xdc:14]
Resolution: If [get_<value>] was used to populate the object, check to make sure this command returns at least one valid object.
WARNING: [Vivado 12-180] No cells matched 'GEN_PUF[1].PUF/SRLC32E_inst_0'. [C:/Users/ppochiraju2024/Desktop/CHOICE-PUF/hw_src/constraints/PUF_constraints.xdc:17]
CRITICAL WARNING: [Common 17-55] 'set_property' expects at least one object. [C:/Users/ppochiraju2024/Desktop/CHOICE-PUF/hw_src/constraints/PUF_constraints.xdc:17]
Resolution: If [get_<value>] was used to populate the object, check to make sure this command returns at least one valid object.
WARNING: [Vivado 12-180] No cells matched 'GEN_PUF[1].PUF/SRLC32E_inst_1'. [C:/Users/ppochiraju2024/Desktop/CHOICE-PUF/hw_src/constraints/PUF_constraints.xdc:18]
CRITICAL WARNING: [Common 17-55] 'set_property' expects at least one object. [C:/Users/ppochiraju2024/Desktop/CHOICE-PUF/hw_src/constraints/PUF_constraints.xdc:18]
Resolution: If [get_<value>] was used to populate the object, check to make sure this command returns at least one valid object.
WARNING: [Vivado 12-180] No cells matched 'GEN_PUF[1].PUF/SRLC32E_inst_2'. [C:/Users/ppochiraju2024/Desktop/CHOICE-PUF/hw_src/constraints/PUF_constraints.xdc:19]
CRITICAL WARNING: [Common 17-55] 'set_property' expects at least one object. [C:/Users/ppochiraju2024/Desktop/CHOICE-PUF/hw_src/constraints/PUF_constraints.xdc:19]
Resolution: If [get_<value>] was used to populate the object, check to make sure this command returns at least one valid object.
WARNING: [Vivado 12-180] No cells matched 'GEN_PUF[1].PUF/SRLC32E_inst_3'. [C:/Users/ppochiraju2024/Desktop/CHOICE-PUF/hw_src/constraints/PUF_constraints.xdc:20]
CRITICAL WARNING: [Common 17-55] 'set_property' expects at least one object. [C:/Users/ppochiraju2024/Desktop/CHOICE-PUF/hw_src/constraints/PUF_constraints.xdc:20]
Resolution: If [get_<value>] was used to populate the object, check to make sure this command returns at least one valid object.
WARNING: [Vivado 12-180] No cells matched 'GEN_PUF[1].PUF/FDCPE_inst'. [C:/Users/ppochiraju2024/Desktop/CHOICE-PUF/hw_src/constraints/PUF_constraints.xdc:21]
CRITICAL WARNING: [Common 17-55] 'set_property' expects at least one object. [C:/Users/ppochiraju2024/Desktop/CHOICE-PUF/hw_src/constraints/PUF_constraints.xdc:21]
Resolution: If [get_<value>] was used to populate the object, check to make sure this command returns at least one valid object.
WARNING: [Vivado 12-180] No cells matched 'GEN_PUF[2].PUF/SRLC32E_inst_0'. [C:/Users/ppochiraju2024/Desktop/CHOICE-PUF/hw_src/constraints/PUF_constraints.xdc:24]
CRITICAL WARNING: [Common 17-55] 'set_property' expects at least one object. [C:/Users/ppochiraju2024/Desktop/CHOICE-PUF/hw_src/constraints/PUF_constraints.xdc:24]
Resolution: If [get_<value>] was used to populate the object, check to make sure this command returns at least one valid object.
WARNING: [Vivado 12-180] No cells matched 'GEN_PUF[2].PUF/SRLC32E_inst_1'. [C:/Users/ppochiraju2024/Desktop/CHOICE-PUF/hw_src/constraints/PUF_constraints.xdc:25]
CRITICAL WARNING: [Common 17-55] 'set_property' expects at least one object. [C:/Users/ppochiraju2024/Desktop/CHOICE-PUF/hw_src/constraints/PUF_constraints.xdc:25]
Resolution: If [get_<value>] was used to populate the object, check to make sure this command returns at least one valid object.
WARNING: [Vivado 12-180] No cells matched 'GEN_PUF[2].PUF/SRLC32E_inst_2'. [C:/Users/ppochiraju2024/Desktop/CHOICE-PUF/hw_src/constraints/PUF_constraints.xdc:26]
CRITICAL WARNING: [Common 17-55] 'set_property' expects at least one object. [C:/Users/ppochiraju2024/Desktop/CHOICE-PUF/hw_src/constraints/PUF_constraints.xdc:26]
Resolution: If [get_<value>] was used to populate the object, check to make sure this command returns at least one valid object.
WARNING: [Vivado 12-180] No cells matched 'GEN_PUF[2].PUF/SRLC32E_inst_3'. [C:/Users/ppochiraju2024/Desktop/CHOICE-PUF/hw_src/constraints/PUF_constraints.xdc:27]
CRITICAL WARNING: [Common 17-55] 'set_property' expects at least one object. [C:/Users/ppochiraju2024/Desktop/CHOICE-PUF/hw_src/constraints/PUF_constraints.xdc:27]
Resolution: If [get_<value>] was used to populate the object, check to make sure this command returns at least one valid object.
WARNING: [Vivado 12-180] No cells matched 'GEN_PUF[2].PUF/FDCPE_inst'. [C:/Users/ppochiraju2024/Desktop/CHOICE-PUF/hw_src/constraints/PUF_constraints.xdc:28]
CRITICAL WARNING: [Common 17-55] 'set_property' expects at least one object. [C:/Users/ppochiraju2024/Desktop/CHOICE-PUF/hw_src/constraints/PUF_constraints.xdc:28]
Resolution: If [get_<value>] was used to populate the object, check to make sure this command returns at least one valid object.
WARNING: [Vivado 12-180] No cells matched 'GEN_PUF[3].PUF/SRLC32E_inst_0'. [C:/Users/ppochiraju2024/Desktop/CHOICE-PUF/hw_src/constraints/PUF_constraints.xdc:31]
CRITICAL WARNING: [Common 17-55] 'set_property' expects at least one object. [C:/Users/ppochiraju2024/Desktop/CHOICE-PUF/hw_src/constraints/PUF_constraints.xdc:31]
Resolution: If [get_<value>] was used to populate the object, check to make sure this command returns at least one valid object.
WARNING: [Vivado 12-180] No cells matched 'GEN_PUF[3].PUF/SRLC32E_inst_1'. [C:/Users/ppochiraju2024/Desktop/CHOICE-PUF/hw_src/constraints/PUF_constraints.xdc:32]
CRITICAL WARNING: [Common 17-55] 'set_property' expects at least one object. [C:/Users/ppochiraju2024/Desktop/CHOICE-PUF/hw_src/constraints/PUF_constraints.xdc:32]
Resolution: If [get_<value>] was used to populate the object, check to make sure this command returns at least one valid object.
WARNING: [Vivado 12-180] No cells matched 'GEN_PUF[3].PUF/SRLC32E_inst_2'. [C:/Users/ppochiraju2024/Desktop/CHOICE-PUF/hw_src/constraints/PUF_constraints.xdc:33]
CRITICAL WARNING: [Common 17-55] 'set_property' expects at least one object. [C:/Users/ppochiraju2024/Desktop/CHOICE-PUF/hw_src/constraints/PUF_constraints.xdc:33]
Resolution: If [get_<value>] was used to populate the object, check to make sure this command returns at least one valid object.
WARNING: [Vivado 12-180] No cells matched 'GEN_PUF[3].PUF/SRLC32E_inst_3'. [C:/Users/ppochiraju2024/Desktop/CHOICE-PUF/hw_src/constraints/PUF_constraints.xdc:34]
CRITICAL WARNING: [Common 17-55] 'set_property' expects at least one object. [C:/Users/ppochiraju2024/Desktop/CHOICE-PUF/hw_src/constraints/PUF_constraints.xdc:34]
Resolution: If [get_<value>] was used to populate the object, check to make sure this command returns at least one valid object.
WARNING: [Vivado 12-180] No cells matched 'GEN_PUF[3].PUF/FDCPE_inst'. [C:/Users/ppochiraju2024/Desktop/CHOICE-PUF/hw_src/constraints/PUF_constraints.xdc:35]
CRITICAL WARNING: [Common 17-55] 'set_property' expects at least one object. [C:/Users/ppochiraju2024/Desktop/CHOICE-PUF/hw_src/constraints/PUF_constraints.xdc:35]
Resolution: If [get_<value>] was used to populate the object, check to make sure this command returns at least one valid object.
WARNING: [Vivado 12-180] No cells matched 'GEN_PUF[4].PUF/SRLC32E_inst_0'. [C:/Users/ppochiraju2024/Desktop/CHOICE-PUF/hw_src/constraints/PUF_constraints.xdc:38]
CRITICAL WARNING: [Common 17-55] 'set_property' expects at least one object. [C:/Users/ppochiraju2024/Desktop/CHOICE-PUF/hw_src/constraints/PUF_constraints.xdc:38]
Resolution: If [get_<value>] was used to populate the object, check to make sure this command returns at least one valid object.
WARNING: [Vivado 12-180] No cells matched 'GEN_PUF[4].PUF/SRLC32E_inst_1'. [C:/Users/ppochiraju2024/Desktop/CHOICE-PUF/hw_src/constraints/PUF_constraints.xdc:39]
CRITICAL WARNING: [Common 17-55] 'set_property' expects at least one object. [C:/Users/ppochiraju2024/Desktop/CHOICE-PUF/hw_src/constraints/PUF_constraints.xdc:39]
Resolution: If [get_<value>] was used to populate the object, check to make sure this command returns at least one valid object.
WARNING: [Vivado 12-180] No cells matched 'GEN_PUF[4].PUF/SRLC32E_inst_2'. [C:/Users/ppochiraju2024/Desktop/CHOICE-PUF/hw_src/constraints/PUF_constraints.xdc:40]
CRITICAL WARNING: [Common 17-55] 'set_property' expects at least one object. [C:/Users/ppochiraju2024/Desktop/CHOICE-PUF/hw_src/constraints/PUF_constraints.xdc:40]
Resolution: If [get_<value>] was used to populate the object, check to make sure this command returns at least one valid object.
WARNING: [Vivado 12-180] No cells matched 'GEN_PUF[4].PUF/SRLC32E_inst_3'. [C:/Users/ppochiraju2024/Desktop/CHOICE-PUF/hw_src/constraints/PUF_constraints.xdc:41]
CRITICAL WARNING: [Common 17-55] 'set_property' expects at least one object. [C:/Users/ppochiraju2024/Desktop/CHOICE-PUF/hw_src/constraints/PUF_constraints.xdc:41]
Resolution: If [get_<value>] was used to populate the object, check to make sure this command returns at least one valid object.
WARNING: [Vivado 12-180] No cells matched 'GEN_PUF[4].PUF/FDCPE_inst'. [C:/Users/ppochiraju2024/Desktop/CHOICE-PUF/hw_src/constraints/PUF_constraints.xdc:42]
CRITICAL WARNING: [Common 17-55] 'set_property' expects at least one object. [C:/Users/ppochiraju2024/Desktop/CHOICE-PUF/hw_src/constraints/PUF_constraints.xdc:42]
Resolution: If [get_<value>] was used to populate the object, check to make sure this command returns at least one valid object.
WARNING: [Vivado 12-180] No cells matched 'GEN_PUF[5].PUF/SRLC32E_inst_0'. [C:/Users/ppochiraju2024/Desktop/CHOICE-PUF/hw_src/constraints/PUF_constraints.xdc:45]
CRITICAL WARNING: [Common 17-55] 'set_property' expects at least one object. [C:/Users/ppochiraju2024/Desktop/CHOICE-PUF/hw_src/constraints/PUF_constraints.xdc:45]
Resolution: If [get_<value>] was used to populate the object, check to make sure this command returns at least one valid object.
WARNING: [Vivado 12-180] No cells matched 'GEN_PUF[5].PUF/SRLC32E_inst_1'. [C:/Users/ppochiraju2024/Desktop/CHOICE-PUF/hw_src/constraints/PUF_constraints.xdc:46]
CRITICAL WARNING: [Common 17-55] 'set_property' expects at least one object. [C:/Users/ppochiraju2024/Desktop/CHOICE-PUF/hw_src/constraints/PUF_constraints.xdc:46]
Resolution: If [get_<value>] was used to populate the object, check to make sure this command returns at least one valid object.
WARNING: [Vivado 12-180] No cells matched 'GEN_PUF[5].PUF/SRLC32E_inst_2'. [C:/Users/ppochiraju2024/Desktop/CHOICE-PUF/hw_src/constraints/PUF_constraints.xdc:47]
CRITICAL WARNING: [Common 17-55] 'set_property' expects at least one object. [C:/Users/ppochiraju2024/Desktop/CHOICE-PUF/hw_src/constraints/PUF_constraints.xdc:47]
Resolution: If [get_<value>] was used to populate the object, check to make sure this command returns at least one valid object.
WARNING: [Vivado 12-180] No cells matched 'GEN_PUF[5].PUF/SRLC32E_inst_3'. [C:/Users/ppochiraju2024/Desktop/CHOICE-PUF/hw_src/constraints/PUF_constraints.xdc:48]
CRITICAL WARNING: [Common 17-55] 'set_property' expects at least one object. [C:/Users/ppochiraju2024/Desktop/CHOICE-PUF/hw_src/constraints/PUF_constraints.xdc:48]
Resolution: If [get_<value>] was used to populate the object, check to make sure this command returns at least one valid object.
WARNING: [Vivado 12-180] No cells matched 'GEN_PUF[5].PUF/FDCPE_inst'. [C:/Users/ppochiraju2024/Desktop/CHOICE-PUF/hw_src/constraints/PUF_constraints.xdc:49]
CRITICAL WARNING: [Common 17-55] 'set_property' expects at least one object. [C:/Users/ppochiraju2024/Desktop/CHOICE-PUF/hw_src/constraints/PUF_constraints.xdc:49]
Resolution: If [get_<value>] was used to populate the object, check to make sure this command returns at least one valid object.
WARNING: [Vivado 12-180] No cells matched 'GEN_PUF[6].PUF/SRLC32E_inst_0'. [C:/Users/ppochiraju2024/Desktop/CHOICE-PUF/hw_src/constraints/PUF_constraints.xdc:52]
CRITICAL WARNING: [Common 17-55] 'set_property' expects at least one object. [C:/Users/ppochiraju2024/Desktop/CHOICE-PUF/hw_src/constraints/PUF_constraints.xdc:52]
Resolution: If [get_<value>] was used to populate the object, check to make sure this command returns at least one valid object.
WARNING: [Vivado 12-180] No cells matched 'GEN_PUF[6].PUF/SRLC32E_inst_1'. [C:/Users/ppochiraju2024/Desktop/CHOICE-PUF/hw_src/constraints/PUF_constraints.xdc:53]
CRITICAL WARNING: [Common 17-55] 'set_property' expects at least one object. [C:/Users/ppochiraju2024/Desktop/CHOICE-PUF/hw_src/constraints/PUF_constraints.xdc:53]
Resolution: If [get_<value>] was used to populate the object, check to make sure this command returns at least one valid object.
WARNING: [Vivado 12-180] No cells matched 'GEN_PUF[6].PUF/SRLC32E_inst_2'. [C:/Users/ppochiraju2024/Desktop/CHOICE-PUF/hw_src/constraints/PUF_constraints.xdc:54]
CRITICAL WARNING: [Common 17-55] 'set_property' expects at least one object. [C:/Users/ppochiraju2024/Desktop/CHOICE-PUF/hw_src/constraints/PUF_constraints.xdc:54]
Resolution: If [get_<value>] was used to populate the object, check to make sure this command returns at least one valid object.
WARNING: [Vivado 12-180] No cells matched 'GEN_PUF[6].PUF/SRLC32E_inst_3'. [C:/Users/ppochiraju2024/Desktop/CHOICE-PUF/hw_src/constraints/PUF_constraints.xdc:55]
CRITICAL WARNING: [Common 17-55] 'set_property' expects at least one object. [C:/Users/ppochiraju2024/Desktop/CHOICE-PUF/hw_src/constraints/PUF_constraints.xdc:55]
Resolution: If [get_<value>] was used to populate the object, check to make sure this command returns at least one valid object.
WARNING: [Vivado 12-180] No cells matched 'GEN_PUF[6].PUF/FDCPE_inst'. [C:/Users/ppochiraju2024/Desktop/CHOICE-PUF/hw_src/constraints/PUF_constraints.xdc:56]
CRITICAL WARNING: [Common 17-55] 'set_property' expects at least one object. [C:/Users/ppochiraju2024/Desktop/CHOICE-PUF/hw_src/constraints/PUF_constraints.xdc:56]
Resolution: If [get_<value>] was used to populate the object, check to make sure this command returns at least one valid object.
WARNING: [Vivado 12-180] No cells matched 'GEN_PUF[7].PUF/SRLC32E_inst_0'. [C:/Users/ppochiraju2024/Desktop/CHOICE-PUF/hw_src/constraints/PUF_constraints.xdc:59]
CRITICAL WARNING: [Common 17-55] 'set_property' expects at least one object. [C:/Users/ppochiraju2024/Desktop/CHOICE-PUF/hw_src/constraints/PUF_constraints.xdc:59]
Resolution: If [get_<value>] was used to populate the object, check to make sure this command returns at least one valid object.
WARNING: [Vivado 12-180] No cells matched 'GEN_PUF[7].PUF/SRLC32E_inst_1'. [C:/Users/ppochiraju2024/Desktop/CHOICE-PUF/hw_src/constraints/PUF_constraints.xdc:60]
CRITICAL WARNING: [Common 17-55] 'set_property' expects at least one object. [C:/Users/ppochiraju2024/Desktop/CHOICE-PUF/hw_src/constraints/PUF_constraints.xdc:60]
Resolution: If [get_<value>] was used to populate the object, check to make sure this command returns at least one valid object.
WARNING: [Vivado 12-180] No cells matched 'GEN_PUF[7].PUF/SRLC32E_inst_2'. [C:/Users/ppochiraju2024/Desktop/CHOICE-PUF/hw_src/constraints/PUF_constraints.xdc:61]
CRITICAL WARNING: [Common 17-55] 'set_property' expects at least one object. [C:/Users/ppochiraju2024/Desktop/CHOICE-PUF/hw_src/constraints/PUF_constraints.xdc:61]
Resolution: If [get_<value>] was used to populate the object, check to make sure this command returns at least one valid object.
WARNING: [Vivado 12-180] No cells matched 'GEN_PUF[7].PUF/SRLC32E_inst_3'. [C:/Users/ppochiraju2024/Desktop/CHOICE-PUF/hw_src/constraints/PUF_constraints.xdc:62]
CRITICAL WARNING: [Common 17-55] 'set_property' expects at least one object. [C:/Users/ppochiraju2024/Desktop/CHOICE-PUF/hw_src/constraints/PUF_constraints.xdc:62]
Resolution: If [get_<value>] was used to populate the object, check to make sure this command returns at least one valid object.
WARNING: [Vivado 12-180] No cells matched 'GEN_PUF[7].PUF/FDCPE_inst'. [C:/Users/ppochiraju2024/Desktop/CHOICE-PUF/hw_src/constraints/PUF_constraints.xdc:63]
CRITICAL WARNING: [Common 17-55] 'set_property' expects at least one object. [C:/Users/ppochiraju2024/Desktop/CHOICE-PUF/hw_src/constraints/PUF_constraints.xdc:63]
Resolution: If [get_<value>] was used to populate the object, check to make sure this command returns at least one valid object.
WARNING: [Vivado 12-180] No cells matched 'GEN_PUF\[8\]\.PUF/SRLC32E_inst_.*'. [C:/Users/ppochiraju2024/Desktop/CHOICE-PUF/hw_src/constraints/PUF_constraints.xdc:66]
CRITICAL WARNING: [Common 17-55] 'set_property' expects at least one object. [C:/Users/ppochiraju2024/Desktop/CHOICE-PUF/hw_src/constraints/PUF_constraints.xdc:66]
Resolution: If [get_<value>] was used to populate the object, check to make sure this command returns at least one valid object.
WARNING: [Vivado 12-180] No cells matched 'GEN_PUF[8].PUF/SRLC32E_inst_0'. [C:/Users/ppochiraju2024/Desktop/CHOICE-PUF/hw_src/constraints/PUF_constraints.xdc:67]
CRITICAL WARNING: [Common 17-55] 'set_property' expects at least one object. [C:/Users/ppochiraju2024/Desktop/CHOICE-PUF/hw_src/constraints/PUF_constraints.xdc:67]
Resolution: If [get_<value>] was used to populate the object, check to make sure this command returns at least one valid object.
WARNING: [Vivado 12-180] No cells matched 'GEN_PUF[8].PUF/SRLC32E_inst_1'. [C:/Users/ppochiraju2024/Desktop/CHOICE-PUF/hw_src/constraints/PUF_constraints.xdc:68]
CRITICAL WARNING: [Common 17-55] 'set_property' expects at least one object. [C:/Users/ppochiraju2024/Desktop/CHOICE-PUF/hw_src/constraints/PUF_constraints.xdc:68]
Resolution: If [get_<value>] was used to populate the object, check to make sure this command returns at least one valid object.
WARNING: [Vivado 12-180] No cells matched 'GEN_PUF[8].PUF/SRLC32E_inst_2'. [C:/Users/ppochiraju2024/Desktop/CHOICE-PUF/hw_src/constraints/PUF_constraints.xdc:69]
CRITICAL WARNING: [Common 17-55] 'set_property' expects at least one object. [C:/Users/ppochiraju2024/Desktop/CHOICE-PUF/hw_src/constraints/PUF_constraints.xdc:69]
Resolution: If [get_<value>] was used to populate the object, check to make sure this command returns at least one valid object.
WARNING: [Vivado 12-180] No cells matched 'GEN_PUF[8].PUF/SRLC32E_inst_3'. [C:/Users/ppochiraju2024/Desktop/CHOICE-PUF/hw_src/constraints/PUF_constraints.xdc:70]
CRITICAL WARNING: [Common 17-55] 'set_property' expects at least one object. [C:/Users/ppochiraju2024/Desktop/CHOICE-PUF/hw_src/constraints/PUF_constraints.xdc:70]
Resolution: If [get_<value>] was used to populate the object, check to make sure this command returns at least one valid object.
WARNING: [Vivado 12-180] No cells matched 'GEN_PUF[8].PUF/CARRY4_inst'. [C:/Users/ppochiraju2024/Desktop/CHOICE-PUF/hw_src/constraints/PUF_constraints.xdc:71]
CRITICAL WARNING: [Common 17-55] 'set_property' expects at least one object. [C:/Users/ppochiraju2024/Desktop/CHOICE-PUF/hw_src/constraints/PUF_constraints.xdc:71]
Resolution: If [get_<value>] was used to populate the object, check to make sure this command returns at least one valid object.
WARNING: [Vivado 12-180] No cells matched 'GEN_PUF[8].PUF/FDCPE_inst'. [C:/Users/ppochiraju2024/Desktop/CHOICE-PUF/hw_src/constraints/PUF_constraints.xdc:72]
CRITICAL WARNING: [Common 17-55] 'set_property' expects at least one object. [C:/Users/ppochiraju2024/Desktop/CHOICE-PUF/hw_src/constraints/PUF_constraints.xdc:72]
Resolution: If [get_<value>] was used to populate the object, check to make sure this command returns at least one valid object.
WARNING: [Vivado 12-180] No cells matched 'GEN_PUF[8].PUF/FDCPE_inst'. [C:/Users/ppochiraju2024/Desktop/CHOICE-PUF/hw_src/constraints/PUF_constraints.xdc:73]
CRITICAL WARNING: [Common 17-55] 'set_property' expects at least one object. [C:/Users/ppochiraju2024/Desktop/CHOICE-PUF/hw_src/constraints/PUF_constraints.xdc:73]
Resolution: If [get_<value>] was used to populate the object, check to make sure this command returns at least one valid object.
WARNING: [Vivado 12-180] No cells matched 'GEN_PUF[9].PUF/SRLC32E_inst_0'. [C:/Users/ppochiraju2024/Desktop/CHOICE-PUF/hw_src/constraints/PUF_constraints.xdc:76]
CRITICAL WARNING: [Common 17-55] 'set_property' expects at least one object. [C:/Users/ppochiraju2024/Desktop/CHOICE-PUF/hw_src/constraints/PUF_constraints.xdc:76]
Resolution: If [get_<value>] was used to populate the object, check to make sure this command returns at least one valid object.
WARNING: [Vivado 12-180] No cells matched 'GEN_PUF[9].PUF/SRLC32E_inst_1'. [C:/Users/ppochiraju2024/Desktop/CHOICE-PUF/hw_src/constraints/PUF_constraints.xdc:77]
CRITICAL WARNING: [Common 17-55] 'set_property' expects at least one object. [C:/Users/ppochiraju2024/Desktop/CHOICE-PUF/hw_src/constraints/PUF_constraints.xdc:77]
Resolution: If [get_<value>] was used to populate the object, check to make sure this command returns at least one valid object.
WARNING: [Vivado 12-180] No cells matched 'GEN_PUF[9].PUF/SRLC32E_inst_2'. [C:/Users/ppochiraju2024/Desktop/CHOICE-PUF/hw_src/constraints/PUF_constraints.xdc:78]
CRITICAL WARNING: [Common 17-55] 'set_property' expects at least one object. [C:/Users/ppochiraju2024/Desktop/CHOICE-PUF/hw_src/constraints/PUF_constraints.xdc:78]
Resolution: If [get_<value>] was used to populate the object, check to make sure this command returns at least one valid object.
WARNING: [Vivado 12-180] No cells matched 'GEN_PUF[9].PUF/SRLC32E_inst_3'. [C:/Users/ppochiraju2024/Desktop/CHOICE-PUF/hw_src/constraints/PUF_constraints.xdc:79]
CRITICAL WARNING: [Common 17-55] 'set_property' expects at least one object. [C:/Users/ppochiraju2024/Desktop/CHOICE-PUF/hw_src/constraints/PUF_constraints.xdc:79]
Resolution: If [get_<value>] was used to populate the object, check to make sure this command returns at least one valid object.
WARNING: [Vivado 12-180] No cells matched 'GEN_PUF[9].PUF/FDCPE_inst'. [C:/Users/ppochiraju2024/Desktop/CHOICE-PUF/hw_src/constraints/PUF_constraints.xdc:80]
CRITICAL WARNING: [Common 17-55] 'set_property' expects at least one object. [C:/Users/ppochiraju2024/Desktop/CHOICE-PUF/hw_src/constraints/PUF_constraints.xdc:80]
Resolution: If [get_<value>] was used to populate the object, check to make sure this command returns at least one valid object.
WARNING: [Vivado 12-180] No cells matched 'GEN_PUF[9].PUF/FDCPE_inst'. [C:/Users/ppochiraju2024/Desktop/CHOICE-PUF/hw_src/constraints/PUF_constraints.xdc:81]
CRITICAL WARNING: [Common 17-55] 'set_property' expects at least one object. [C:/Users/ppochiraju2024/Desktop/CHOICE-PUF/hw_src/constraints/PUF_constraints.xdc:81]
Resolution: If [get_<value>] was used to populate the object, check to make sure this command returns at least one valid object.
WARNING: [Vivado 12-180] No cells matched 'GEN_PUF\[10\]\.PUF/SRLC32E_inst_.*'. [C:/Users/ppochiraju2024/Desktop/CHOICE-PUF/hw_src/constraints/PUF_constraints.xdc:84]
CRITICAL WARNING: [Common 17-55] 'set_property' expects at least one object. [C:/Users/ppochiraju2024/Desktop/CHOICE-PUF/hw_src/constraints/PUF_constraints.xdc:84]
Resolution: If [get_<value>] was used to populate the object, check to make sure this command returns at least one valid object.
WARNING: [Vivado 12-180] No cells matched 'GEN_PUF[10].PUF/SRLC32E_inst_0'. [C:/Users/ppochiraju2024/Desktop/CHOICE-PUF/hw_src/constraints/PUF_constraints.xdc:85]
CRITICAL WARNING: [Common 17-55] 'set_property' expects at least one object. [C:/Users/ppochiraju2024/Desktop/CHOICE-PUF/hw_src/constraints/PUF_constraints.xdc:85]
Resolution: If [get_<value>] was used to populate the object, check to make sure this command returns at least one valid object.
WARNING: [Vivado 12-180] No cells matched 'GEN_PUF[10].PUF/SRLC32E_inst_1'. [C:/Users/ppochiraju2024/Desktop/CHOICE-PUF/hw_src/constraints/PUF_constraints.xdc:86]
CRITICAL WARNING: [Common 17-55] 'set_property' expects at least one object. [C:/Users/ppochiraju2024/Desktop/CHOICE-PUF/hw_src/constraints/PUF_constraints.xdc:86]
Resolution: If [get_<value>] was used to populate the object, check to make sure this command returns at least one valid object.
WARNING: [Vivado 12-180] No cells matched 'GEN_PUF[10].PUF/SRLC32E_inst_2'. [C:/Users/ppochiraju2024/Desktop/CHOICE-PUF/hw_src/constraints/PUF_constraints.xdc:87]
CRITICAL WARNING: [Common 17-55] 'set_property' expects at least one object. [C:/Users/ppochiraju2024/Desktop/CHOICE-PUF/hw_src/constraints/PUF_constraints.xdc:87]
Resolution: If [get_<value>] was used to populate the object, check to make sure this command returns at least one valid object.
WARNING: [Vivado 12-180] No cells matched 'GEN_PUF[10].PUF/SRLC32E_inst_3'. [C:/Users/ppochiraju2024/Desktop/CHOICE-PUF/hw_src/constraints/PUF_constraints.xdc:88]
CRITICAL WARNING: [Common 17-55] 'set_property' expects at least one object. [C:/Users/ppochiraju2024/Desktop/CHOICE-PUF/hw_src/constraints/PUF_constraints.xdc:88]
Resolution: If [get_<value>] was used to populate the object, check to make sure this command returns at least one valid object.
WARNING: [Vivado 12-180] No cells matched 'GEN_PUF[10].PUF/CARRY4_inst'. [C:/Users/ppochiraju2024/Desktop/CHOICE-PUF/hw_src/constraints/PUF_constraints.xdc:89]
CRITICAL WARNING: [Common 17-55] 'set_property' expects at least one object. [C:/Users/ppochiraju2024/Desktop/CHOICE-PUF/hw_src/constraints/PUF_constraints.xdc:89]
Resolution: If [get_<value>] was used to populate the object, check to make sure this command returns at least one valid object.
WARNING: [Vivado 12-180] No cells matched 'GEN_PUF[10].PUF/FDCPE_inst'. [C:/Users/ppochiraju2024/Desktop/CHOICE-PUF/hw_src/constraints/PUF_constraints.xdc:90]
CRITICAL WARNING: [Common 17-55] 'set_property' expects at least one object. [C:/Users/ppochiraju2024/Desktop/CHOICE-PUF/hw_src/constraints/PUF_constraints.xdc:90]
Resolution: If [get_<value>] was used to populate the object, check to make sure this command returns at least one valid object.
WARNING: [Vivado 12-180] No cells matched 'GEN_PUF[10].PUF/FDCPE_inst'. [C:/Users/ppochiraju2024/Desktop/CHOICE-PUF/hw_src/constraints/PUF_constraints.xdc:91]
CRITICAL WARNING: [Common 17-55] 'set_property' expects at least one object. [C:/Users/ppochiraju2024/Desktop/CHOICE-PUF/hw_src/constraints/PUF_constraints.xdc:91]
Resolution: If [get_<value>] was used to populate the object, check to make sure this command returns at least one valid object.
WARNING: [Vivado 12-180] No cells matched 'GEN_PUF\[11\]\.PUF/SRLC32E_inst_.*'. [C:/Users/ppochiraju2024/Desktop/CHOICE-PUF/hw_src/constraints/PUF_constraints.xdc:94]
CRITICAL WARNING: [Common 17-55] 'set_property' expects at least one object. [C:/Users/ppochiraju2024/Desktop/CHOICE-PUF/hw_src/constraints/PUF_constraints.xdc:94]
Resolution: If [get_<value>] was used to populate the object, check to make sure this command returns at least one valid object.
WARNING: [Vivado 12-180] No cells matched 'GEN_PUF[11].PUF/SRLC32E_inst_0'. [C:/Users/ppochiraju2024/Desktop/CHOICE-PUF/hw_src/constraints/PUF_constraints.xdc:95]
CRITICAL WARNING: [Common 17-55] 'set_property' expects at least one object. [C:/Users/ppochiraju2024/Desktop/CHOICE-PUF/hw_src/constraints/PUF_constraints.xdc:95]
Resolution: If [get_<value>] was used to populate the object, check to make sure this command returns at least one valid object.
WARNING: [Vivado 12-180] No cells matched 'GEN_PUF[11].PUF/SRLC32E_inst_1'. [C:/Users/ppochiraju2024/Desktop/CHOICE-PUF/hw_src/constraints/PUF_constraints.xdc:96]
CRITICAL WARNING: [Common 17-55] 'set_property' expects at least one object. [C:/Users/ppochiraju2024/Desktop/CHOICE-PUF/hw_src/constraints/PUF_constraints.xdc:96]
Resolution: If [get_<value>] was used to populate the object, check to make sure this command returns at least one valid object.
WARNING: [Vivado 12-180] No cells matched 'GEN_PUF[11].PUF/SRLC32E_inst_2'. [C:/Users/ppochiraju2024/Desktop/CHOICE-PUF/hw_src/constraints/PUF_constraints.xdc:97]
CRITICAL WARNING: [Common 17-55] 'set_property' expects at least one object. [C:/Users/ppochiraju2024/Desktop/CHOICE-PUF/hw_src/constraints/PUF_constraints.xdc:97]
Resolution: If [get_<value>] was used to populate the object, check to make sure this command returns at least one valid object.
WARNING: [Vivado 12-180] No cells matched 'GEN_PUF[11].PUF/SRLC32E_inst_3'. [C:/Users/ppochiraju2024/Desktop/CHOICE-PUF/hw_src/constraints/PUF_constraints.xdc:98]
CRITICAL WARNING: [Common 17-55] 'set_property' expects at least one object. [C:/Users/ppochiraju2024/Desktop/CHOICE-PUF/hw_src/constraints/PUF_constraints.xdc:98]
Resolution: If [get_<value>] was used to populate the object, check to make sure this command returns at least one valid object.
WARNING: [Vivado 12-180] No cells matched 'GEN_PUF[11].PUF/CARRY4_inst'. [C:/Users/ppochiraju2024/Desktop/CHOICE-PUF/hw_src/constraints/PUF_constraints.xdc:99]
CRITICAL WARNING: [Common 17-55] 'set_property' expects at least one object. [C:/Users/ppochiraju2024/Desktop/CHOICE-PUF/hw_src/constraints/PUF_constraints.xdc:99]
Resolution: If [get_<value>] was used to populate the object, check to make sure this command returns at least one valid object.
WARNING: [Vivado 12-180] No cells matched 'GEN_PUF[11].PUF/FDCPE_inst'. [C:/Users/ppochiraju2024/Desktop/CHOICE-PUF/hw_src/constraints/PUF_constraints.xdc:100]
CRITICAL WARNING: [Common 17-55] 'set_property' expects at least one object. [C:/Users/ppochiraju2024/Desktop/CHOICE-PUF/hw_src/constraints/PUF_constraints.xdc:100]
Resolution: If [get_<value>] was used to populate the object, check to make sure this command returns at least one valid object.
WARNING: [Vivado 12-180] No cells matched 'GEN_PUF[11].PUF/FDCPE_inst'. [C:/Users/ppochiraju2024/Desktop/CHOICE-PUF/hw_src/constraints/PUF_constraints.xdc:101]
CRITICAL WARNING: [Common 17-55] 'set_property' expects at least one object. [C:/Users/ppochiraju2024/Desktop/CHOICE-PUF/hw_src/constraints/PUF_constraints.xdc:101]
Resolution: If [get_<value>] was used to populate the object, check to make sure this command returns at least one valid object.
WARNING: [Vivado 12-180] No cells matched 'GEN_PUF\[12\]\.PUF/SRLC32E_inst_.*'. [C:/Users/ppochiraju2024/Desktop/CHOICE-PUF/hw_src/constraints/PUF_constraints.xdc:104]
CRITICAL WARNING: [Common 17-55] 'set_property' expects at least one object. [C:/Users/ppochiraju2024/Desktop/CHOICE-PUF/hw_src/constraints/PUF_constraints.xdc:104]
Resolution: If [get_<value>] was used to populate the object, check to make sure this command returns at least one valid object.
WARNING: [Vivado 12-180] No cells matched 'GEN_PUF[12].PUF/SRLC32E_inst_0'. [C:/Users/ppochiraju2024/Desktop/CHOICE-PUF/hw_src/constraints/PUF_constraints.xdc:105]
CRITICAL WARNING: [Common 17-55] 'set_property' expects at least one object. [C:/Users/ppochiraju2024/Desktop/CHOICE-PUF/hw_src/constraints/PUF_constraints.xdc:105]
Resolution: If [get_<value>] was used to populate the object, check to make sure this command returns at least one valid object.
WARNING: [Vivado 12-180] No cells matched 'GEN_PUF[12].PUF/SRLC32E_inst_1'. [C:/Users/ppochiraju2024/Desktop/CHOICE-PUF/hw_src/constraints/PUF_constraints.xdc:106]
CRITICAL WARNING: [Common 17-55] 'set_property' expects at least one object. [C:/Users/ppochiraju2024/Desktop/CHOICE-PUF/hw_src/constraints/PUF_constraints.xdc:106]
Resolution: If [get_<value>] was used to populate the object, check to make sure this command returns at least one valid object.
WARNING: [Vivado 12-180] No cells matched 'GEN_PUF[12].PUF/SRLC32E_inst_2'. [C:/Users/ppochiraju2024/Desktop/CHOICE-PUF/hw_src/constraints/PUF_constraints.xdc:107]
CRITICAL WARNING: [Common 17-55] 'set_property' expects at least one object. [C:/Users/ppochiraju2024/Desktop/CHOICE-PUF/hw_src/constraints/PUF_constraints.xdc:107]
Resolution: If [get_<value>] was used to populate the object, check to make sure this command returns at least one valid object.
WARNING: [Vivado 12-180] No cells matched 'GEN_PUF[12].PUF/SRLC32E_inst_3'. [C:/Users/ppochiraju2024/Desktop/CHOICE-PUF/hw_src/constraints/PUF_constraints.xdc:108]
CRITICAL WARNING: [Common 17-55] 'set_property' expects at least one object. [C:/Users/ppochiraju2024/Desktop/CHOICE-PUF/hw_src/constraints/PUF_constraints.xdc:108]
Resolution: If [get_<value>] was used to populate the object, check to make sure this command returns at least one valid object.
INFO: [Common 17-14] Message 'Common 17-55' appears 100 times and further instances of the messages will be disabled. Use the Tcl command set_msg_config to change the current settings. [C:/Users/ppochiraju2024/Desktop/CHOICE-PUF/hw_src/constraints/PUF_constraints.xdc:108]
WARNING: [Vivado 12-180] No cells matched 'GEN_PUF[12].PUF/CARRY4_inst'. [C:/Users/ppochiraju2024/Desktop/CHOICE-PUF/hw_src/constraints/PUF_constraints.xdc:109]
WARNING: [Vivado 12-180] No cells matched 'GEN_PUF[12].PUF/FDCPE_inst'. [C:/Users/ppochiraju2024/Desktop/CHOICE-PUF/hw_src/constraints/PUF_constraints.xdc:110]
WARNING: [Vivado 12-180] No cells matched 'GEN_PUF[12].PUF/FDCPE_inst'. [C:/Users/ppochiraju2024/Desktop/CHOICE-PUF/hw_src/constraints/PUF_constraints.xdc:111]
WARNING: [Vivado 12-180] No cells matched 'GEN_PUF\[13\]\.PUF/SRLC32E_inst_.*'. [C:/Users/ppochiraju2024/Desktop/CHOICE-PUF/hw_src/constraints/PUF_constraints.xdc:114]
WARNING: [Vivado 12-180] No cells matched 'GEN_PUF[13].PUF/SRLC32E_inst_0'. [C:/Users/ppochiraju2024/Desktop/CHOICE-PUF/hw_src/constraints/PUF_constraints.xdc:115]
WARNING: [Vivado 12-180] No cells matched 'GEN_PUF[13].PUF/SRLC32E_inst_1'. [C:/Users/ppochiraju2024/Desktop/CHOICE-PUF/hw_src/constraints/PUF_constraints.xdc:116]
WARNING: [Vivado 12-180] No cells matched 'GEN_PUF[13].PUF/SRLC32E_inst_2'. [C:/Users/ppochiraju2024/Desktop/CHOICE-PUF/hw_src/constraints/PUF_constraints.xdc:117]
WARNING: [Vivado 12-180] No cells matched 'GEN_PUF[13].PUF/SRLC32E_inst_3'. [C:/Users/ppochiraju2024/Desktop/CHOICE-PUF/hw_src/constraints/PUF_constraints.xdc:118]
WARNING: [Vivado 12-180] No cells matched 'GEN_PUF[13].PUF/CARRY4_inst'. [C:/Users/ppochiraju2024/Desktop/CHOICE-PUF/hw_src/constraints/PUF_constraints.xdc:119]
WARNING: [Vivado 12-180] No cells matched 'GEN_PUF[13].PUF/FDCPE_inst'. [C:/Users/ppochiraju2024/Desktop/CHOICE-PUF/hw_src/constraints/PUF_constraints.xdc:120]
WARNING: [Vivado 12-180] No cells matched 'GEN_PUF[13].PUF/FDCPE_inst'. [C:/Users/ppochiraju2024/Desktop/CHOICE-PUF/hw_src/constraints/PUF_constraints.xdc:121]
WARNING: [Vivado 12-180] No cells matched 'GEN_PUF\[14\]\.PUF/SRLC32E_inst_.*'. [C:/Users/ppochiraju2024/Desktop/CHOICE-PUF/hw_src/constraints/PUF_constraints.xdc:124]
WARNING: [Vivado 12-180] No cells matched 'GEN_PUF[14].PUF/SRLC32E_inst_0'. [C:/Users/ppochiraju2024/Desktop/CHOICE-PUF/hw_src/constraints/PUF_constraints.xdc:125]
WARNING: [Vivado 12-180] No cells matched 'GEN_PUF[14].PUF/SRLC32E_inst_1'. [C:/Users/ppochiraju2024/Desktop/CHOICE-PUF/hw_src/constraints/PUF_constraints.xdc:126]
WARNING: [Vivado 12-180] No cells matched 'GEN_PUF[14].PUF/SRLC32E_inst_2'. [C:/Users/ppochiraju2024/Desktop/CHOICE-PUF/hw_src/constraints/PUF_constraints.xdc:127]
WARNING: [Vivado 12-180] No cells matched 'GEN_PUF[14].PUF/SRLC32E_inst_3'. [C:/Users/ppochiraju2024/Desktop/CHOICE-PUF/hw_src/constraints/PUF_constraints.xdc:128]
INFO: [Common 17-14] Message 'Vivado 12-180' appears 100 times and further instances of the messages will be disabled. Use the Tcl command set_msg_config to change the current settings. [C:/Users/ppochiraju2024/Desktop/CHOICE-PUF/hw_src/constraints/PUF_constraints.xdc:128]
Finished Parsing XDC File [C:/Users/ppochiraju2024/Desktop/CHOICE-PUF/hw_src/constraints/PUF_constraints.xdc]
INFO: [Opt 31-138] Pushed 0 inverter(s) to 0 load pin(s).
Netlist sorting complete. Time (s): cpu = 00:00:00 ; elapsed = 00:00:00.003 . Memory (MB): peak = 1029.805 ; gain = 0.000
INFO: [Project 1-111] Unisim Transformation Summary:
No Unisim elements were transformed.

21 Infos, 117 Warnings, 101 Critical Warnings and 0 Errors encountered.
link_design completed successfully
link_design: Time (s): cpu = 00:00:08 ; elapsed = 00:00:15 . Memory (MB): peak = 1029.805 ; gain = 0.000
Command: opt_design
Attempting to get a license for feature 'Implementation' and/or device 'xc7z020'
INFO: [Common 17-349] Got license for feature 'Implementation' and/or device 'xc7z020'
Running DRC as a precondition to command opt_design

Starting DRC Task
INFO: [DRC 23-27] Running DRC with 2 threads
INFO: [Project 1-461] DRC finished with 0 Errors
INFO: [Project 1-462] Please refer to the DRC report (report_drc) for more information.

Time (s): cpu = 00:00:01 ; elapsed = 00:00:01 . Memory (MB): peak = 1029.805 ; gain = 0.000

Starting Cache Timing Information Task
INFO: [Timing 38-35] Done setting XDC timing constraints.
Ending Cache Timing Information Task | Checksum: 1d17da3c0

Time (s): cpu = 00:00:08 ; elapsed = 00:00:08 . Memory (MB): peak = 1444.672 ; gain = 414.867

Starting Logic Optimization Task

Phase 1 Retarget
INFO: [Opt 31-138] Pushed 0 inverter(s) to 0 load pin(s).
INFO: [Opt 31-49] Retargeted 0 cell(s).
Phase 1 Retarget | Checksum: 17179b068

Time (s): cpu = 00:00:01 ; elapsed = 00:00:00.434 . Memory (MB): peak = 1649.328 ; gain = 0.000
INFO: [Opt 31-389] Phase Retarget created 90 cells and removed 123 cells
INFO: [Opt 31-1021] In phase Retarget, 128 netlist objects are constrained preventing optimization. Please run opt_design with -debug_log to get more detail. 

Phase 2 Constant propagation
INFO: [Opt 31-138] Pushed 0 inverter(s) to 0 load pin(s).
Phase 2 Constant propagation | Checksum: 17179b068

Time (s): cpu = 00:00:01 ; elapsed = 00:00:00.458 . Memory (MB): peak = 1649.328 ; gain = 0.000
INFO: [Opt 31-389] Phase Constant propagation created 0 cells and removed 0 cells

Phase 3 Sweep
Phase 3 Sweep | Checksum: 1277ca3b6

Time (s): cpu = 00:00:01 ; elapsed = 00:00:00.740 . Memory (MB): peak = 1649.328 ; gain = 0.000
INFO: [Opt 31-389] Phase Sweep created 0 cells and removed 208 cells
INFO: [Opt 31-1021] In phase Sweep, 128 netlist objects are constrained preventing optimization. Please run opt_design with -debug_log to get more detail. 

Phase 4 BUFG optimization
Phase 4 BUFG optimization | Checksum: 1277ca3b6

Time (s): cpu = 00:00:01 ; elapsed = 00:00:00.839 . Memory (MB): peak = 1649.328 ; gain = 0.000
INFO: [Opt 31-662] Phase BUFG optimization created 0 cells of which 0 are BUFGs and removed 0 cells.

Phase 5 Shift Register Optimization
INFO: [Opt 31-1064] SRL Remap converted 0 SRLs to 0 registers and converted 0 registers of register chains to 0 SRLs
Phase 5 Shift Register Optimization | Checksum: 1277ca3b6

Time (s): cpu = 00:00:01 ; elapsed = 00:00:00.908 . Memory (MB): peak = 1649.328 ; gain = 0.000
INFO: [Opt 31-389] Phase Shift Register Optimization created 0 cells and removed 0 cells

Phase 6 Post Processing Netlist
Phase 6 Post Processing Netlist | Checksum: 1277ca3b6

Time (s): cpu = 00:00:01 ; elapsed = 00:00:00.948 . Memory (MB): peak = 1649.328 ; gain = 0.000
INFO: [Opt 31-389] Phase Post Processing Netlist created 0 cells and removed 0 cells
Opt_design Change Summary
=========================


-------------------------------------------------------------------------------------------------------------------------
|  Phase                        |  #Cells created  |  #Cells Removed  |  #Constrained objects preventing optimizations  |
-------------------------------------------------------------------------------------------------------------------------
|  Retarget                     |              90  |             123  |                                            128  |
|  Constant propagation         |               0  |               0  |                                              0  |
|  Sweep                        |               0  |             208  |                                            128  |
|  BUFG optimization            |               0  |               0  |                                              0  |
|  Shift Register Optimization  |               0  |               0  |                                              0  |
|  Post Processing Netlist      |               0  |               0  |                                              0  |
-------------------------------------------------------------------------------------------------------------------------



Starting Connectivity Check Task

Time (s): cpu = 00:00:00 ; elapsed = 00:00:00.011 . Memory (MB): peak = 1649.328 ; gain = 0.000
Ending Logic Optimization Task | Checksum: 1f795c546

Time (s): cpu = 00:00:01 ; elapsed = 00:00:01 . Memory (MB): peak = 1649.328 ; gain = 0.000

Starting Power Optimization Task
INFO: [Pwropt 34-132] Skipping clock gating for clocks with a period < 2.00 ns.
Ending Power Optimization Task | Checksum: 1f795c546

Time (s): cpu = 00:00:00 ; elapsed = 00:00:00.037 . Memory (MB): peak = 1649.328 ; gain = 0.000

Starting Final Cleanup Task
Ending Final Cleanup Task | Checksum: 1f795c546

Time (s): cpu = 00:00:00 ; elapsed = 00:00:00 . Memory (MB): peak = 1649.328 ; gain = 0.000

Starting Netlist Obfuscation Task
Netlist sorting complete. Time (s): cpu = 00:00:00 ; elapsed = 00:00:00.001 . Memory (MB): peak = 1649.328 ; gain = 0.000
Ending Netlist Obfuscation Task | Checksum: 1f795c546

Time (s): cpu = 00:00:00 ; elapsed = 00:00:00.001 . Memory (MB): peak = 1649.328 ; gain = 0.000
INFO: [Common 17-83] Releasing license: Implementation
40 Infos, 117 Warnings, 101 Critical Warnings and 0 Errors encountered.
opt_design completed successfully
opt_design: Time (s): cpu = 00:00:12 ; elapsed = 00:00:13 . Memory (MB): peak = 1649.328 ; gain = 619.523
INFO: [Timing 38-480] Writing timing data to binary archive.
Writing placer database...
Writing XDEF routing.
Writing XDEF routing logical nets.
Writing XDEF routing special nets.
Write XDEF Complete: Time (s): cpu = 00:00:00 ; elapsed = 00:00:00.059 . Memory (MB): peak = 1649.328 ; gain = 0.000
INFO: [Common 17-1381] The checkpoint 'C:/Users/ppochiraju2024/Desktop/CHOICE-PUF/CHOICE_design/CHOICE_design.runs/impl_1/design_1_wrapper_opt.dcp' has been generated.
INFO: [runtcl-4] Executing : report_drc -file design_1_wrapper_drc_opted.rpt -pb design_1_wrapper_drc_opted.pb -rpx design_1_wrapper_drc_opted.rpx
Command: report_drc -file design_1_wrapper_drc_opted.rpt -pb design_1_wrapper_drc_opted.pb -rpx design_1_wrapper_drc_opted.rpx
INFO: [IP_Flow 19-1839] IP Catalog is up to date.
INFO: [DRC 23-27] Running DRC with 2 threads
INFO: [Coretcl 2-168] The results of DRC are in file C:/Users/ppochiraju2024/Desktop/CHOICE-PUF/CHOICE_design/CHOICE_design.runs/impl_1/design_1_wrapper_drc_opted.rpt.
report_drc completed successfully
Command: place_design
Attempting to get a license for feature 'Implementation' and/or device 'xc7z020'
INFO: [Common 17-349] Got license for feature 'Implementation' and/or device 'xc7z020'
INFO: [DRC 23-27] Running DRC with 2 threads
INFO: [Vivado_Tcl 4-198] DRC finished with 0 Errors
INFO: [Vivado_Tcl 4-199] Please refer to the DRC report (report_drc) for more information.
Running DRC as a precondition to command place_design
INFO: [DRC 23-27] Running DRC with 2 threads
INFO: [Vivado_Tcl 4-198] DRC finished with 0 Errors
INFO: [Vivado_Tcl 4-199] Please refer to the DRC report (report_drc) for more information.

Starting Placer Task
INFO: [Place 30-611] Multithreading enabled for place_design using a maximum of 2 CPUs

Phase 1 Placer Initialization

Phase 1.1 Placer Initialization Netlist Sorting
Netlist sorting complete. Time (s): cpu = 00:00:00 ; elapsed = 00:00:00.005 . Memory (MB): peak = 1649.328 ; gain = 0.000
Phase 1.1 Placer Initialization Netlist Sorting | Checksum: 1535a614b

Time (s): cpu = 00:00:00 ; elapsed = 00:00:00.046 . Memory (MB): peak = 1649.328 ; gain = 0.000
Netlist sorting complete. Time (s): cpu = 00:00:00 ; elapsed = 00:00:00.003 . Memory (MB): peak = 1649.328 ; gain = 0.000

Phase 1.2 IO Placement/ Clock Placement/ Build Placer Device
INFO: [Timing 38-35] Done setting XDC timing constraints.
Phase 1.2 IO Placement/ Clock Placement/ Build Placer Device | Checksum: bf6ccc7b

Time (s): cpu = 00:00:01 ; elapsed = 00:00:01 . Memory (MB): peak = 1649.328 ; gain = 0.000

Phase 1.3 Build Placer Netlist Model
Phase 1.3 Build Placer Netlist Model | Checksum: 1406606ca

Time (s): cpu = 00:00:02 ; elapsed = 00:00:02 . Memory (MB): peak = 1649.328 ; gain = 0.000

Phase 1.4 Constrain Clocks/Macros
Phase 1.4 Constrain Clocks/Macros | Checksum: 1406606ca

Time (s): cpu = 00:00:02 ; elapsed = 00:00:02 . Memory (MB): peak = 1649.328 ; gain = 0.000
Phase 1 Placer Initialization | Checksum: 1406606ca

Time (s): cpu = 00:00:03 ; elapsed = 00:00:02 . Memory (MB): peak = 1649.328 ; gain = 0.000

Phase 2 Global Placement

Phase 2.1 Floorplanning
Phase 2.1 Floorplanning | Checksum: 18c64ae08

Time (s): cpu = 00:00:03 ; elapsed = 00:00:03 . Memory (MB): peak = 1649.328 ; gain = 0.000

Phase 2.2 Global Placement Core

Phase 2.2.1 Physical Synthesis In Placer
INFO: [Physopt 32-1035] Found 0 LUTNM shape to break, 110 LUT instances to create LUTNM shape
INFO: [Physopt 32-1044] Break lutnm for timing: one critical 0, two critical 0, total 0, new lutff created 0
INFO: [Physopt 32-775] End 1 Pass. Optimized 43 nets or cells. Created 0 new cell, deleted 43 existing cells and moved 0 existing cell
INFO: [Physopt 32-65] No nets found for high-fanout optimization.
INFO: [Physopt 32-232] Optimized 0 net. Created 0 new instance.
INFO: [Physopt 32-775] End 1 Pass. Optimized 0 net or cell. Created 0 new cell, deleted 0 existing cell and moved 0 existing cell
INFO: [Physopt 32-670] No setup violation found.  DSP Register Optimization was not performed.
INFO: [Physopt 32-670] No setup violation found.  Shift Register to Pipeline Optimization was not performed.
INFO: [Physopt 32-670] No setup violation found.  Shift Register Optimization was not performed.
INFO: [Physopt 32-670] No setup violation found.  BRAM Register Optimization was not performed.
INFO: [Physopt 32-670] No setup violation found.  URAM Register Optimization was not performed.
INFO: [Physopt 32-949] No candidate nets found for HD net replication
INFO: [Physopt 32-775] End 1 Pass. Optimized 0 net or cell. Created 0 new cell, deleted 0 existing cell and moved 0 existing cell
Netlist sorting complete. Time (s): cpu = 00:00:00 ; elapsed = 00:00:00.001 . Memory (MB): peak = 1649.328 ; gain = 0.000

Summary of Physical Synthesis Optimizations
============================================


-----------------------------------------------------------------------------------------------------------------------------------------------------------
|  Optimization                                     |  Added Cells  |  Removed Cells  |  Optimized Cells/Nets  |  Dont Touch  |  Iterations  |  Elapsed   |
-----------------------------------------------------------------------------------------------------------------------------------------------------------
|  LUT Combining                                    |            0  |             43  |                    43  |           0  |           1  |  00:00:00  |
|  Very High Fanout                                 |            0  |              0  |                     0  |           0  |           1  |  00:00:00  |
|  DSP Register                                     |            0  |              0  |                     0  |           0  |           0  |  00:00:00  |
|  Shift Register to Pipeline                       |            0  |              0  |                     0  |           0  |           0  |  00:00:00  |
|  Shift Register                                   |            0  |              0  |                     0  |           0  |           0  |  00:00:00  |
|  BRAM Register                                    |            0  |              0  |                     0  |           0  |           0  |  00:00:00  |
|  URAM Register                                    |            0  |              0  |                     0  |           0  |           0  |  00:00:00  |
|  Dynamic/Static Region Interface Net Replication  |            0  |              0  |                     0  |           0  |           1  |  00:00:00  |
|  Total                                            |            0  |             43  |                    43  |           0  |           3  |  00:00:00  |
-----------------------------------------------------------------------------------------------------------------------------------------------------------


Phase 2.2.1 Physical Synthesis In Placer | Checksum: 18766385d

Time (s): cpu = 00:00:08 ; elapsed = 00:00:07 . Memory (MB): peak = 1649.328 ; gain = 0.000
Phase 2.2 Global Placement Core | Checksum: 1c30c2e6b

Time (s): cpu = 00:00:09 ; elapsed = 00:00:07 . Memory (MB): peak = 1649.328 ; gain = 0.000
Phase 2 Global Placement | Checksum: 1c30c2e6b

Time (s): cpu = 00:00:09 ; elapsed = 00:00:07 . Memory (MB): peak = 1649.328 ; gain = 0.000

Phase 3 Detail Placement

Phase 3.1 Commit Multi Column Macros
Phase 3.1 Commit Multi Column Macros | Checksum: 14be91c50

Time (s): cpu = 00:00:09 ; elapsed = 00:00:08 . Memory (MB): peak = 1649.328 ; gain = 0.000

Phase 3.2 Commit Most Macros & LUTRAMs
Phase 3.2 Commit Most Macros & LUTRAMs | Checksum: 16f2a20fa

Time (s): cpu = 00:00:10 ; elapsed = 00:00:08 . Memory (MB): peak = 1649.328 ; gain = 0.000

Phase 3.3 Area Swap Optimization
Phase 3.3 Area Swap Optimization | Checksum: 1fecae13b

Time (s): cpu = 00:00:10 ; elapsed = 00:00:08 . Memory (MB): peak = 1649.328 ; gain = 0.000

Phase 3.4 Pipeline Register Optimization
Phase 3.4 Pipeline Register Optimization | Checksum: 2083cd48d

Time (s): cpu = 00:00:10 ; elapsed = 00:00:08 . Memory (MB): peak = 1649.328 ; gain = 0.000

Phase 3.5 Small Shape Detail Placement
Phase 3.5 Small Shape Detail Placement | Checksum: 1d5a8b58b

Time (s): cpu = 00:00:12 ; elapsed = 00:00:10 . Memory (MB): peak = 1649.328 ; gain = 0.000

Phase 3.6 Re-assign LUT pins
Phase 3.6 Re-assign LUT pins | Checksum: 1e0c3f1a4

Time (s): cpu = 00:00:12 ; elapsed = 00:00:10 . Memory (MB): peak = 1649.328 ; gain = 0.000

Phase 3.7 Pipeline Register Optimization
Phase 3.7 Pipeline Register Optimization | Checksum: 1da362d92

Time (s): cpu = 00:00:12 ; elapsed = 00:00:10 . Memory (MB): peak = 1649.328 ; gain = 0.000
Phase 3 Detail Placement | Checksum: 1da362d92

Time (s): cpu = 00:00:12 ; elapsed = 00:00:10 . Memory (MB): peak = 1649.328 ; gain = 0.000

Phase 4 Post Placement Optimization and Clean-Up

Phase 4.1 Post Commit Optimization
INFO: [Timing 38-35] Done setting XDC timing constraints.

Phase 4.1.1 Post Placement Optimization
Post Placement Optimization Initialization | Checksum: 23ea9b5e5

Phase 4.1.1.1 BUFG Insertion

Starting Physical Synthesis Task

Phase 1 Physical Synthesis Initialization
INFO: [Physopt 32-721] Multithreading enabled for phys_opt_design using a maximum of 2 CPUs
INFO: [Physopt 32-619] Estimated Timing Summary | WNS=3.649 | TNS=0.000 |
Phase 1 Physical Synthesis Initialization | Checksum: 1e3e1c917

Time (s): cpu = 00:00:00 ; elapsed = 00:00:00.248 . Memory (MB): peak = 1665.801 ; gain = 0.000
INFO: [Place 46-56] BUFG insertion identified 0 candidate nets. Inserted BUFG: 0, Replicated BUFG Driver: 0, Skipped due to Placement/Routing Conflicts: 0, Skipped due to Timing Degradation: 0, Skipped due to Illegal Netlist: 0.
Ending Physical Synthesis Task | Checksum: 22386da1c

Time (s): cpu = 00:00:00 ; elapsed = 00:00:00.271 . Memory (MB): peak = 1665.801 ; gain = 0.000
Phase 4.1.1.1 BUFG Insertion | Checksum: 23ea9b5e5

Time (s): cpu = 00:00:14 ; elapsed = 00:00:12 . Memory (MB): peak = 1665.801 ; gain = 16.473
INFO: [Place 30-746] Post Placement Timing Summary WNS=3.649. For the most accurate timing information please run report_timing.
Phase 4.1.1 Post Placement Optimization | Checksum: 1f276a77a

Time (s): cpu = 00:00:14 ; elapsed = 00:00:12 . Memory (MB): peak = 1665.801 ; gain = 16.473
Phase 4.1 Post Commit Optimization | Checksum: 1f276a77a

Time (s): cpu = 00:00:14 ; elapsed = 00:00:12 . Memory (MB): peak = 1665.801 ; gain = 16.473

Phase 4.2 Post Placement Cleanup
Phase 4.2 Post Placement Cleanup | Checksum: 1f276a77a

Time (s): cpu = 00:00:14 ; elapsed = 00:00:12 . Memory (MB): peak = 1665.801 ; gain = 16.473

Phase 4.3 Placer Reporting
Phase 4.3 Placer Reporting | Checksum: 1f276a77a

Time (s): cpu = 00:00:14 ; elapsed = 00:00:12 . Memory (MB): peak = 1665.801 ; gain = 16.473

Phase 4.4 Final Placement Cleanup
Netlist sorting complete. Time (s): cpu = 00:00:00 ; elapsed = 00:00:00.002 . Memory (MB): peak = 1665.801 ; gain = 0.000
Phase 4.4 Final Placement Cleanup | Checksum: 1e2d83067

Time (s): cpu = 00:00:14 ; elapsed = 00:00:12 . Memory (MB): peak = 1665.801 ; gain = 16.473
Phase 4 Post Placement Optimization and Clean-Up | Checksum: 1e2d83067

Time (s): cpu = 00:00:14 ; elapsed = 00:00:12 . Memory (MB): peak = 1665.801 ; gain = 16.473
Ending Placer Task | Checksum: 16facff0e

Time (s): cpu = 00:00:14 ; elapsed = 00:00:12 . Memory (MB): peak = 1665.801 ; gain = 16.473
INFO: [Common 17-83] Releasing license: Implementation
74 Infos, 117 Warnings, 101 Critical Warnings and 0 Errors encountered.
place_design completed successfully
place_design: Time (s): cpu = 00:00:16 ; elapsed = 00:00:13 . Memory (MB): peak = 1665.801 ; gain = 16.473
INFO: [Timing 38-480] Writing timing data to binary archive.
Writing placer database...
Writing XDEF routing.
Writing XDEF routing logical nets.
Writing XDEF routing special nets.
Write XDEF Complete: Time (s): cpu = 00:00:02 ; elapsed = 00:00:00.303 . Memory (MB): peak = 1665.844 ; gain = 0.043
INFO: [Common 17-1381] The checkpoint 'C:/Users/ppochiraju2024/Desktop/CHOICE-PUF/CHOICE_design/CHOICE_design.runs/impl_1/design_1_wrapper_placed.dcp' has been generated.
INFO: [runtcl-4] Executing : report_io -file design_1_wrapper_io_placed.rpt
report_io: Time (s): cpu = 00:00:00 ; elapsed = 00:00:00.047 . Memory (MB): peak = 1665.844 ; gain = 0.000
INFO: [runtcl-4] Executing : report_utilization -file design_1_wrapper_utilization_placed.rpt -pb design_1_wrapper_utilization_placed.pb
INFO: [runtcl-4] Executing : report_control_sets -verbose -file design_1_wrapper_control_sets_placed.rpt
report_control_sets: Time (s): cpu = 00:00:00 ; elapsed = 00:00:00.013 . Memory (MB): peak = 1665.844 ; gain = 0.000
Command: phys_opt_design
Attempting to get a license for feature 'Implementation' and/or device 'xc7z020'
INFO: [Common 17-349] Got license for feature 'Implementation' and/or device 'xc7z020'
INFO: [Vivado_Tcl 4-383] Design worst setup slack (WNS) is greater than or equal to 0.000 ns. Skipping all physical synthesis optimizations.
INFO: [Vivado_Tcl 4-232] No setup violation found. The netlist was not modified.
INFO: [Common 17-83] Releasing license: Implementation
83 Infos, 117 Warnings, 101 Critical Warnings and 0 Errors encountered.
phys_opt_design completed successfully
INFO: [Timing 38-480] Writing timing data to binary archive.
Writing placer database...
Writing XDEF routing.
Writing XDEF routing logical nets.
Writing XDEF routing special nets.
Write XDEF Complete: Time (s): cpu = 00:00:01 ; elapsed = 00:00:00.235 . Memory (MB): peak = 1694.117 ; gain = 17.879
INFO: [Common 17-1381] The checkpoint 'C:/Users/ppochiraju2024/Desktop/CHOICE-PUF/CHOICE_design/CHOICE_design.runs/impl_1/design_1_wrapper_physopt.dcp' has been generated.
Command: route_design
Attempting to get a license for feature 'Implementation' and/or device 'xc7z020'
INFO: [Common 17-349] Got license for feature 'Implementation' and/or device 'xc7z020'
Running DRC as a precondition to command route_design
INFO: [DRC 23-27] Running DRC with 2 threads
INFO: [Vivado_Tcl 4-198] DRC finished with 0 Errors
INFO: [Vivado_Tcl 4-199] Please refer to the DRC report (report_drc) for more information.


Starting Routing Task
INFO: [Route 35-254] Multithreading enabled for route_design using a maximum of 2 CPUs
Checksum: PlaceDB: ff0350c9 ConstDB: 0 ShapeSum: 70a9ae45 RouteDB: 0

Phase 1 Build RT Design
Phase 1 Build RT Design | Checksum: 10798dfb6

Time (s): cpu = 00:00:25 ; elapsed = 00:00:18 . Memory (MB): peak = 1833.211 ; gain = 129.047
Post Restoration Checksum: NetGraph: 5edd62be NumContArr: 78be4c36 Constraints: 2ffd30c2 Timing: 0

Phase 2 Router Initialization

Phase 2.1 Create Timer
Phase 2.1 Create Timer | Checksum: 10798dfb6

Time (s): cpu = 00:00:26 ; elapsed = 00:00:18 . Memory (MB): peak = 1833.211 ; gain = 129.047

Phase 2.2 Fix Topology Constraints
Phase 2.2 Fix Topology Constraints | Checksum: 10798dfb6

Time (s): cpu = 00:00:26 ; elapsed = 00:00:18 . Memory (MB): peak = 1839.652 ; gain = 135.488

Phase 2.3 Pre Route Cleanup
Phase 2.3 Pre Route Cleanup | Checksum: 10798dfb6

Time (s): cpu = 00:00:26 ; elapsed = 00:00:18 . Memory (MB): peak = 1839.652 ; gain = 135.488
 Number of Nodes with overlaps = 0

Phase 2.4 Update Timing
Phase 2.4 Update Timing | Checksum: 21899e3b1

Time (s): cpu = 00:00:28 ; elapsed = 00:00:20 . Memory (MB): peak = 1863.629 ; gain = 159.465
INFO: [Route 35-416] Intermediate Timing Summary | WNS=3.759  | TNS=0.000  | WHS=-0.245 | THS=-32.398|

Phase 2 Router Initialization | Checksum: 20187a316

Time (s): cpu = 00:00:29 ; elapsed = 00:00:20 . Memory (MB): peak = 1863.629 ; gain = 159.465

Router Utilization Summary
  Global Vertical Routing Utilization    = 0 %
  Global Horizontal Routing Utilization  = 0 %
  Routable Net Status*
  *Does not include unroutable nets such as driverless and loadless.
  Run report_route_status for detailed report.
  Number of Failed Nets               = 2507
    (Failed Nets is the sum of unrouted and partially routed nets)
  Number of Unrouted Nets             = 2507
  Number of Partially Routed Nets     = 0
  Number of Node Overlaps             = 0


Phase 3 Initial Routing
Phase 3 Initial Routing | Checksum: 1aa7d2fb4

Time (s): cpu = 00:00:31 ; elapsed = 00:00:21 . Memory (MB): peak = 1863.629 ; gain = 159.465

Phase 4 Rip-up And Reroute

Phase 4.1 Global Iteration 0
 Number of Nodes with overlaps = 223
 Number of Nodes with overlaps = 10
 Number of Nodes with overlaps = 0
INFO: [Route 35-416] Intermediate Timing Summary | WNS=2.476  | TNS=0.000  | WHS=N/A    | THS=N/A    |

Phase 4.1 Global Iteration 0 | Checksum: 1de9dbdbf

Time (s): cpu = 00:00:34 ; elapsed = 00:00:24 . Memory (MB): peak = 1863.629 ; gain = 159.465

Phase 4.2 Global Iteration 1
 Number of Nodes with overlaps = 1
 Number of Nodes with overlaps = 0
INFO: [Route 35-416] Intermediate Timing Summary | WNS=2.476  | TNS=0.000  | WHS=N/A    | THS=N/A    |

Phase 4.2 Global Iteration 1 | Checksum: 1d950393a

Time (s): cpu = 00:00:34 ; elapsed = 00:00:24 . Memory (MB): peak = 1863.629 ; gain = 159.465
Phase 4 Rip-up And Reroute | Checksum: 1d950393a

Time (s): cpu = 00:00:34 ; elapsed = 00:00:24 . Memory (MB): peak = 1863.629 ; gain = 159.465

Phase 5 Delay and Skew Optimization

Phase 5.1 Delay CleanUp
Phase 5.1 Delay CleanUp | Checksum: 1d950393a

Time (s): cpu = 00:00:35 ; elapsed = 00:00:24 . Memory (MB): peak = 1863.629 ; gain = 159.465

Phase 5.2 Clock Skew Optimization
Phase 5.2 Clock Skew Optimization | Checksum: 1d950393a

Time (s): cpu = 00:00:35 ; elapsed = 00:00:24 . Memory (MB): peak = 1863.629 ; gain = 159.465
Phase 5 Delay and Skew Optimization | Checksum: 1d950393a

Time (s): cpu = 00:00:35 ; elapsed = 00:00:24 . Memory (MB): peak = 1863.629 ; gain = 159.465

Phase 6 Post Hold Fix

Phase 6.1 Hold Fix Iter

Phase 6.1.1 Update Timing
Phase 6.1.1 Update Timing | Checksum: 1a3bf0c7a

Time (s): cpu = 00:00:35 ; elapsed = 00:00:24 . Memory (MB): peak = 1863.629 ; gain = 159.465
INFO: [Route 35-416] Intermediate Timing Summary | WNS=2.622  | TNS=0.000  | WHS=0.036  | THS=0.000  |

Phase 6.1 Hold Fix Iter | Checksum: 12bb19070

Time (s): cpu = 00:00:35 ; elapsed = 00:00:24 . Memory (MB): peak = 1863.629 ; gain = 159.465
Phase 6 Post Hold Fix | Checksum: 12bb19070

Time (s): cpu = 00:00:35 ; elapsed = 00:00:24 . Memory (MB): peak = 1863.629 ; gain = 159.465

Phase 7 Route finalize

Router Utilization Summary
  Global Vertical Routing Utilization    = 0.796728 %
  Global Horizontal Routing Utilization  = 0.893256 %
  Routable Net Status*
  *Does not include unroutable nets such as driverless and loadless.
  Run report_route_status for detailed report.
  Number of Failed Nets               = 0
    (Failed Nets is the sum of unrouted and partially routed nets)
  Number of Unrouted Nets             = 0
  Number of Partially Routed Nets     = 0
  Number of Node Overlaps             = 0

Phase 7 Route finalize | Checksum: 14a99d360

Time (s): cpu = 00:00:35 ; elapsed = 00:00:25 . Memory (MB): peak = 1863.629 ; gain = 159.465

Phase 8 Verifying routed nets

 Verification completed successfully
Phase 8 Verifying routed nets | Checksum: 14a99d360

Time (s): cpu = 00:00:35 ; elapsed = 00:00:25 . Memory (MB): peak = 1863.629 ; gain = 159.465

Phase 9 Depositing Routes
Phase 9 Depositing Routes | Checksum: 214873f69

Time (s): cpu = 00:00:35 ; elapsed = 00:00:25 . Memory (MB): peak = 1863.629 ; gain = 159.465

Phase 10 Post Router Timing
INFO: [Route 35-57] Estimated Timing Summary | WNS=2.622  | TNS=0.000  | WHS=0.036  | THS=0.000  |

INFO: [Route 35-327] The final timing numbers are based on the router estimated timing analysis. For a complete and accurate timing signoff, please run report_timing_summary.
Phase 10 Post Router Timing | Checksum: 214873f69

Time (s): cpu = 00:00:35 ; elapsed = 00:00:25 . Memory (MB): peak = 1863.629 ; gain = 159.465
INFO: [Route 35-16] Router Completed Successfully

Time (s): cpu = 00:00:35 ; elapsed = 00:00:25 . Memory (MB): peak = 1863.629 ; gain = 159.465

Routing Is Done.
INFO: [Common 17-83] Releasing license: Implementation
98 Infos, 117 Warnings, 101 Critical Warnings and 0 Errors encountered.
route_design completed successfully
route_design: Time (s): cpu = 00:00:37 ; elapsed = 00:00:26 . Memory (MB): peak = 1863.629 ; gain = 169.512
INFO: [Timing 38-480] Writing timing data to binary archive.
Writing placer database...
Writing XDEF routing.
Writing XDEF routing logical nets.
Writing XDEF routing special nets.
Write XDEF Complete: Time (s): cpu = 00:00:02 ; elapsed = 00:00:00.304 . Memory (MB): peak = 1870.949 ; gain = 7.320
INFO: [Common 17-1381] The checkpoint 'C:/Users/ppochiraju2024/Desktop/CHOICE-PUF/CHOICE_design/CHOICE_design.runs/impl_1/design_1_wrapper_routed.dcp' has been generated.
INFO: [runtcl-4] Executing : report_drc -file design_1_wrapper_drc_routed.rpt -pb design_1_wrapper_drc_routed.pb -rpx design_1_wrapper_drc_routed.rpx
Command: report_drc -file design_1_wrapper_drc_routed.rpt -pb design_1_wrapper_drc_routed.pb -rpx design_1_wrapper_drc_routed.rpx
INFO: [IP_Flow 19-1839] IP Catalog is up to date.
INFO: [DRC 23-27] Running DRC with 2 threads
INFO: [Coretcl 2-168] The results of DRC are in file C:/Users/ppochiraju2024/Desktop/CHOICE-PUF/CHOICE_design/CHOICE_design.runs/impl_1/design_1_wrapper_drc_routed.rpt.
report_drc completed successfully
INFO: [runtcl-4] Executing : report_methodology -file design_1_wrapper_methodology_drc_routed.rpt -pb design_1_wrapper_methodology_drc_routed.pb -rpx design_1_wrapper_methodology_drc_routed.rpx
Command: report_methodology -file design_1_wrapper_methodology_drc_routed.rpt -pb design_1_wrapper_methodology_drc_routed.pb -rpx design_1_wrapper_methodology_drc_routed.rpx
INFO: [Timing 38-35] Done setting XDC timing constraints.
INFO: [DRC 23-133] Running Methodology with 2 threads
INFO: [Coretcl 2-1520] The results of Report Methodology are in file C:/Users/ppochiraju2024/Desktop/CHOICE-PUF/CHOICE_design/CHOICE_design.runs/impl_1/design_1_wrapper_methodology_drc_routed.rpt.
report_methodology completed successfully
INFO: [runtcl-4] Executing : report_power -file design_1_wrapper_power_routed.rpt -pb design_1_wrapper_power_summary_routed.pb -rpx design_1_wrapper_power_routed.rpx
Command: report_power -file design_1_wrapper_power_routed.rpt -pb design_1_wrapper_power_summary_routed.pb -rpx design_1_wrapper_power_routed.rpx
INFO: [Timing 38-35] Done setting XDC timing constraints.
Running Vector-less Activity Propagation...

Finished Running Vector-less Activity Propagation
110 Infos, 117 Warnings, 101 Critical Warnings and 0 Errors encountered.
report_power completed successfully
INFO: [runtcl-4] Executing : report_route_status -file design_1_wrapper_route_status.rpt -pb design_1_wrapper_route_status.pb
INFO: [runtcl-4] Executing : report_timing_summary -max_paths 10 -file design_1_wrapper_timing_summary_routed.rpt -pb design_1_wrapper_timing_summary_routed.pb -rpx design_1_wrapper_timing_summary_routed.rpx -warn_on_violation 
INFO: [Timing 38-91] UpdateTimingParams: Speed grade: -1, Delay Type: min_max.
INFO: [Timing 38-191] Multithreading enabled for timing update using a maximum of 2 CPUs
INFO: [runtcl-4] Executing : report_incremental_reuse -file design_1_wrapper_incremental_reuse_routed.rpt
INFO: [Vivado_Tcl 4-1062] Incremental flow is disabled. No incremental reuse Info to report.
INFO: [runtcl-4] Executing : report_clock_utilization -file design_1_wrapper_clock_utilization_routed.rpt
INFO: [runtcl-4] Executing : report_bus_skew -warn_on_violation -file design_1_wrapper_bus_skew_routed.rpt -pb design_1_wrapper_bus_skew_routed.pb -rpx design_1_wrapper_bus_skew_routed.rpx
INFO: [Timing 38-91] UpdateTimingParams: Speed grade: -1, Delay Type: min_max.
INFO: [Timing 38-191] Multithreading enabled for timing update using a maximum of 2 CPUs
INFO: [Common 17-206] Exiting Vivado at Sat May  3 21:48:49 2025...

*** Running vivado
    with args -log design_1_wrapper.vdi -applog -m64 -product Vivado -messageDb vivado.pb -mode batch -source design_1_wrapper.tcl -notrace



****** Vivado v2020.1 (64-bit)
  **** SW Build 2902540 on Wed May 27 19:54:49 MDT 2020
  **** IP Build 2902112 on Wed May 27 22:43:36 MDT 2020
    ** Copyright 1986-2020 Xilinx, Inc. All Rights Reserved.

source design_1_wrapper.tcl -notrace
Command: open_checkpoint design_1_wrapper_routed.dcp

Starting open_checkpoint Task

Time (s): cpu = 00:00:00 ; elapsed = 00:00:00.029 . Memory (MB): peak = 1030.066 ; gain = 0.000
CRITICAL WARNING: [Board 49-67] The board_part definition was not found for tul.com.tw:pynq-z2:part0:1.0. This can happen sometimes when you use custom board part. You can resolve this issue by setting 'board.repoPaths' parameter, pointing to the location of custom board files. Valid board_part values can be retrieved with the 'get_board_parts' Tcl command.
CRITICAL WARNING: [Board 49-67] The board_part definition was not found for tul.com.tw:pynq-z2:part0:1.0. This can happen sometimes when you use custom board part. You can resolve this issue by setting 'board.repoPaths' parameter, pointing to the location of custom board files. Valid board_part values can be retrieved with the 'get_board_parts' Tcl command.
INFO: [Device 21-403] Loading part xc7z020clg400-1
Netlist sorting complete. Time (s): cpu = 00:00:01 ; elapsed = 00:00:00.067 . Memory (MB): peak = 1030.066 ; gain = 0.000
INFO: [Netlist 29-17] Analyzing 155 Unisim elements for replacement
INFO: [Netlist 29-28] Unisim Transformation completed in 0 CPU seconds
INFO: [Project 1-479] Netlist was created with Vivado 2020.1
INFO: [Project 1-570] Preparing netlist for logic optimization
INFO: [Timing 38-478] Restoring timing data from binary archive.
INFO: [Timing 38-479] Binary timing data restore complete.
INFO: [Project 1-856] Restoring constraints from binary archive.
INFO: [Project 1-853] Binary constraint restore complete.
Reading XDEF placement.
Reading placer database...
Reading XDEF routing.
Read XDEF File: Time (s): cpu = 00:00:01 ; elapsed = 00:00:00.510 . Memory (MB): peak = 1356.332 ; gain = 7.332
Restored from archive | CPU: 1.000000 secs | Memory: 0.000000 MB |
Finished XDEF File Restore: Time (s): cpu = 00:00:01 ; elapsed = 00:00:00.510 . Memory (MB): peak = 1356.332 ; gain = 7.332
Netlist sorting complete. Time (s): cpu = 00:00:00 ; elapsed = 00:00:00.001 . Memory (MB): peak = 1356.332 ; gain = 0.000
INFO: [Project 1-111] Unisim Transformation Summary:
No Unisim elements were transformed.

INFO: [Project 1-604] Checkpoint was created with Vivado v2020.1 (64-bit) build 2902540
open_checkpoint: Time (s): cpu = 00:00:15 ; elapsed = 00:00:18 . Memory (MB): peak = 1356.332 ; gain = 326.266
Command: write_bitstream -force design_1_wrapper.bit
Attempting to get a license for feature 'Implementation' and/or device 'xc7z020'
INFO: [Common 17-349] Got license for feature 'Implementation' and/or device 'xc7z020'
Running DRC as a precondition to command write_bitstream
INFO: [IP_Flow 19-234] Refreshing IP repositories
INFO: [IP_Flow 19-1704] No user IP repositories specified
INFO: [IP_Flow 19-2313] Loaded Vivado IP repository 'C:/Xilinx1/Vivado/2020.1/data/ip'.
INFO: [DRC 23-27] Running DRC with 2 threads
INFO: [Vivado 12-3199] DRC finished with 0 Errors
INFO: [Vivado 12-3200] Please refer to the DRC report (report_drc) for more information.
INFO: [Designutils 20-2272] Running write_bitstream with 2 threads.
Loading data files...
Loading site data...
Loading route data...
Processing options...
Creating bitmap...
Creating bitstream...
Writing bitstream ./design_1_wrapper.bit...
INFO: [Vivado 12-1842] Bitgen Completed Successfully.
INFO: [Project 1-120] WebTalk data collection is mandatory when using a WebPACK part without a full Vivado license. To see the specific WebTalk data collected for your design, open the usage_statistics_webtalk.html or usage_statistics_webtalk.xml file in the implementation directory.
INFO: [Common 17-83] Releasing license: Implementation
22 Infos, 0 Warnings, 2 Critical Warnings and 0 Errors encountered.
write_bitstream completed successfully
write_bitstream: Time (s): cpu = 00:00:16 ; elapsed = 00:00:16 . Memory (MB): peak = 1843.363 ; gain = 487.031
INFO: [Common 17-206] Exiting Vivado at Sat May  3 21:50:21 2025...
