
*** Running vivado
    with args -log design_1_write_adapter_0_0.vds -m64 -product Vivado -mode batch -messageDb vivado.pb -notrace -source design_1_write_adapter_0_0.tcl



****** Vivado v2020.1 (64-bit)
  **** SW Build 2902540 on Wed May 27 19:54:49 MDT 2020
  **** IP Build 2902112 on Wed May 27 22:43:36 MDT 2020
    ** Copyright 1986-2020 Xilinx, Inc. All Rights Reserved.

source design_1_write_adapter_0_0.tcl -notrace
create_project: Time (s): cpu = 00:00:03 ; elapsed = 00:00:07 . Memory (MB): peak = 1016.797 ; gain = 0.000
INFO: [IP_Flow 19-234] Refreshing IP repositories
INFO: [IP_Flow 19-1700] Loaded user IP repository 'c:/Users/ppochiraju2024/Desktop/CHOICE-PUF/hw_src/ip_repo'.
INFO: [IP_Flow 19-2313] Loaded Vivado IP repository 'C:/Xilinx1/Vivado/2020.1/data/ip'.
Command: synth_design -top design_1_write_adapter_0_0 -part xc7z020clg400-1 -mode out_of_context
Starting synth_design
Attempting to get a license for feature 'Synthesis' and/or device 'xc7z020'
INFO: [Common 17-349] Got license for feature 'Synthesis' and/or device 'xc7z020'
INFO: [Device 21-403] Loading part xc7z020clg400-1
INFO: [Synth 8-7079] Multithreading enabled for synth_design using a maximum of 2 processes.
INFO: [Synth 8-7078] Launching helper process for spawning children vivado processes
INFO: [Synth 8-7075] Helper process launched with PID 26276
---------------------------------------------------------------------------------
Starting RTL Elaboration : Time (s): cpu = 00:00:05 ; elapsed = 00:00:05 . Memory (MB): peak = 1016.797 ; gain = 0.000
---------------------------------------------------------------------------------
INFO: [Synth 8-638] synthesizing module 'design_1_write_adapter_0_0' [c:/Users/ppochiraju2024/Desktop/CHOICE-PUF/CHOICE_design/CHOICE_design.srcs/sources_1/bd/design_1/ip/design_1_write_adapter_0_0/synth/design_1_write_adapter_0_0.vhd:89]
	Parameter C_S00_AXI_DATA_WIDTH bound to: 32 - type: integer 
	Parameter C_S00_AXI_ADDR_WIDTH bound to: 4 - type: integer 
	Parameter DATA_WIDTH bound to: 128 - type: integer 
INFO: [Synth 8-3491] module 'write_adapter' declared at 'c:/Users/ppochiraju2024/Desktop/CHOICE-PUF/CHOICE_design/CHOICE_design.srcs/sources_1/bd/design_1/ipshared/b584/hdl/write_adapter.vhd:12' bound to instance 'U0' of component 'write_adapter' [c:/Users/ppochiraju2024/Desktop/CHOICE-PUF/CHOICE_design/CHOICE_design.srcs/sources_1/bd/design_1/ip/design_1_write_adapter_0_0/synth/design_1_write_adapter_0_0.vhd:170]
INFO: [Synth 8-638] synthesizing module 'write_adapter' [c:/Users/ppochiraju2024/Desktop/CHOICE-PUF/CHOICE_design/CHOICE_design.srcs/sources_1/bd/design_1/ipshared/b584/hdl/write_adapter.vhd:70]
	Parameter DATA_WIDTH bound to: 128 - type: integer 
	Parameter C_S00_AXI_DATA_WIDTH bound to: 32 - type: integer 
	Parameter C_S00_AXI_ADDR_WIDTH bound to: 4 - type: integer 
	Parameter DATA_WIDTH bound to: 128 - type: integer 
	Parameter C_S_AXI_DATA_WIDTH bound to: 32 - type: integer 
	Parameter C_S_AXI_ADDR_WIDTH bound to: 4 - type: integer 
INFO: [Synth 8-3491] module 'write_adapter_S00_AXI' declared at 'c:/Users/ppochiraju2024/Desktop/CHOICE-PUF/CHOICE_design/CHOICE_design.srcs/sources_1/bd/design_1/ipshared/b584/hdl/write_adapter_S00_AXI.vhd:8' bound to instance 'write_adapter_S00_AXI_inst' of component 'write_adapter_S00_AXI' [c:/Users/ppochiraju2024/Desktop/CHOICE-PUF/CHOICE_design/CHOICE_design.srcs/sources_1/bd/design_1/ipshared/b584/hdl/write_adapter.vhd:118]
INFO: [Synth 8-638] synthesizing module 'write_adapter_S00_AXI' [c:/Users/ppochiraju2024/Desktop/CHOICE-PUF/CHOICE_design/CHOICE_design.srcs/sources_1/bd/design_1/ipshared/b584/hdl/write_adapter_S00_AXI.vhd:100]
	Parameter DATA_WIDTH bound to: 128 - type: integer 
	Parameter C_S_AXI_DATA_WIDTH bound to: 32 - type: integer 
	Parameter C_S_AXI_ADDR_WIDTH bound to: 4 - type: integer 
INFO: [Synth 8-226] default block is never used [c:/Users/ppochiraju2024/Desktop/CHOICE-PUF/CHOICE_design/CHOICE_design.srcs/sources_1/bd/design_1/ipshared/b584/hdl/write_adapter_S00_AXI.vhd:248]
INFO: [Synth 8-226] default block is never used [c:/Users/ppochiraju2024/Desktop/CHOICE-PUF/CHOICE_design/CHOICE_design.srcs/sources_1/bd/design_1/ipshared/b584/hdl/write_adapter_S00_AXI.vhd:383]
INFO: [Synth 8-256] done synthesizing module 'write_adapter_S00_AXI' (1#1) [c:/Users/ppochiraju2024/Desktop/CHOICE-PUF/CHOICE_design/CHOICE_design.srcs/sources_1/bd/design_1/ipshared/b584/hdl/write_adapter_S00_AXI.vhd:100]
INFO: [Synth 8-256] done synthesizing module 'write_adapter' (2#1) [c:/Users/ppochiraju2024/Desktop/CHOICE-PUF/CHOICE_design/CHOICE_design.srcs/sources_1/bd/design_1/ipshared/b584/hdl/write_adapter.vhd:70]
INFO: [Synth 8-256] done synthesizing module 'design_1_write_adapter_0_0' (3#1) [c:/Users/ppochiraju2024/Desktop/CHOICE-PUF/CHOICE_design/CHOICE_design.srcs/sources_1/bd/design_1/ip/design_1_write_adapter_0_0/synth/design_1_write_adapter_0_0.vhd:89]
---------------------------------------------------------------------------------
Finished RTL Elaboration : Time (s): cpu = 00:00:06 ; elapsed = 00:00:06 . Memory (MB): peak = 1016.797 ; gain = 0.000
---------------------------------------------------------------------------------
---------------------------------------------------------------------------------
Start Handling Custom Attributes
---------------------------------------------------------------------------------
---------------------------------------------------------------------------------
Finished Handling Custom Attributes : Time (s): cpu = 00:00:07 ; elapsed = 00:00:07 . Memory (MB): peak = 1016.797 ; gain = 0.000
---------------------------------------------------------------------------------
---------------------------------------------------------------------------------
Finished RTL Optimization Phase 1 : Time (s): cpu = 00:00:07 ; elapsed = 00:00:07 . Memory (MB): peak = 1016.797 ; gain = 0.000
---------------------------------------------------------------------------------
Netlist sorting complete. Time (s): cpu = 00:00:00 ; elapsed = 00:00:00.007 . Memory (MB): peak = 1016.797 ; gain = 0.000
INFO: [Project 1-570] Preparing netlist for logic optimization

Processing XDC Constraints
Initializing timing engine
Completed Processing XDC Constraints

Netlist sorting complete. Time (s): cpu = 00:00:00 ; elapsed = 00:00:00 . Memory (MB): peak = 1093.160 ; gain = 0.000
INFO: [Project 1-111] Unisim Transformation Summary:
No Unisim elements were transformed.

Constraint Validation Runtime : Time (s): cpu = 00:00:00 ; elapsed = 00:00:00.042 . Memory (MB): peak = 1093.160 ; gain = 0.000
---------------------------------------------------------------------------------
Finished Constraint Validation : Time (s): cpu = 00:00:12 ; elapsed = 00:00:12 . Memory (MB): peak = 1093.160 ; gain = 76.363
---------------------------------------------------------------------------------
---------------------------------------------------------------------------------
Start Loading Part and Timing Information
---------------------------------------------------------------------------------
Loading part: xc7z020clg400-1
---------------------------------------------------------------------------------
Finished Loading Part and Timing Information : Time (s): cpu = 00:00:12 ; elapsed = 00:00:12 . Memory (MB): peak = 1093.160 ; gain = 76.363
---------------------------------------------------------------------------------
---------------------------------------------------------------------------------
Start Applying 'set_property' XDC Constraints
---------------------------------------------------------------------------------
---------------------------------------------------------------------------------
Finished applying 'set_property' XDC Constraints : Time (s): cpu = 00:00:12 ; elapsed = 00:00:12 . Memory (MB): peak = 1093.160 ; gain = 76.363
---------------------------------------------------------------------------------
---------------------------------------------------------------------------------
Finished RTL Optimization Phase 2 : Time (s): cpu = 00:00:12 ; elapsed = 00:00:12 . Memory (MB): peak = 1093.160 ; gain = 76.363
---------------------------------------------------------------------------------
---------------------------------------------------------------------------------
Start RTL Component Statistics 
---------------------------------------------------------------------------------
Detailed RTL Component Info : 
+---Registers : 
	               32 Bit    Registers := 5     
	                4 Bit    Registers := 1     
	                2 Bit    Registers := 2     
	                1 Bit    Registers := 6     
+---Muxes : 
	   4 Input   32 Bit        Muxes := 1     
	   2 Input    1 Bit        Muxes := 4     
---------------------------------------------------------------------------------
Finished RTL Component Statistics 
---------------------------------------------------------------------------------
---------------------------------------------------------------------------------
Start Part Resource Summary
---------------------------------------------------------------------------------
Part Resources:
DSPs: 220 (col length:60)
BRAMs: 280 (col length: RAMB18 60 RAMB36 30)
---------------------------------------------------------------------------------
Finished Part Resource Summary
---------------------------------------------------------------------------------
---------------------------------------------------------------------------------
Start Cross Boundary and Area Optimization
---------------------------------------------------------------------------------
---------------------------------------------------------------------------------
Finished Cross Boundary and Area Optimization : Time (s): cpu = 00:00:13 ; elapsed = 00:00:14 . Memory (MB): peak = 1093.160 ; gain = 76.363
---------------------------------------------------------------------------------
---------------------------------------------------------------------------------
Start Applying XDC Timing Constraints
---------------------------------------------------------------------------------
---------------------------------------------------------------------------------
Finished Applying XDC Timing Constraints : Time (s): cpu = 00:00:20 ; elapsed = 00:00:20 . Memory (MB): peak = 1093.160 ; gain = 76.363
---------------------------------------------------------------------------------
---------------------------------------------------------------------------------
Start Timing Optimization
---------------------------------------------------------------------------------
---------------------------------------------------------------------------------
Finished Timing Optimization : Time (s): cpu = 00:00:20 ; elapsed = 00:00:20 . Memory (MB): peak = 1093.160 ; gain = 76.363
---------------------------------------------------------------------------------
---------------------------------------------------------------------------------
Start Technology Mapping
---------------------------------------------------------------------------------
---------------------------------------------------------------------------------
Finished Technology Mapping : Time (s): cpu = 00:00:20 ; elapsed = 00:00:20 . Memory (MB): peak = 1097.012 ; gain = 80.215
---------------------------------------------------------------------------------
---------------------------------------------------------------------------------
Start IO Insertion
---------------------------------------------------------------------------------
---------------------------------------------------------------------------------
Start Flattening Before IO Insertion
---------------------------------------------------------------------------------
---------------------------------------------------------------------------------
Finished Flattening Before IO Insertion
---------------------------------------------------------------------------------
---------------------------------------------------------------------------------
Start Final Netlist Cleanup
---------------------------------------------------------------------------------
---------------------------------------------------------------------------------
Finished Final Netlist Cleanup
---------------------------------------------------------------------------------
---------------------------------------------------------------------------------
Finished IO Insertion : Time (s): cpu = 00:00:23 ; elapsed = 00:00:24 . Memory (MB): peak = 1102.758 ; gain = 85.961
---------------------------------------------------------------------------------
---------------------------------------------------------------------------------
Start Renaming Generated Instances
---------------------------------------------------------------------------------
---------------------------------------------------------------------------------
Finished Renaming Generated Instances : Time (s): cpu = 00:00:23 ; elapsed = 00:00:24 . Memory (MB): peak = 1102.758 ; gain = 85.961
---------------------------------------------------------------------------------
---------------------------------------------------------------------------------
Start Rebuilding User Hierarchy
---------------------------------------------------------------------------------
---------------------------------------------------------------------------------
Finished Rebuilding User Hierarchy : Time (s): cpu = 00:00:23 ; elapsed = 00:00:24 . Memory (MB): peak = 1102.758 ; gain = 85.961
---------------------------------------------------------------------------------
---------------------------------------------------------------------------------
Start Renaming Generated Ports
---------------------------------------------------------------------------------
---------------------------------------------------------------------------------
Finished Renaming Generated Ports : Time (s): cpu = 00:00:23 ; elapsed = 00:00:24 . Memory (MB): peak = 1102.758 ; gain = 85.961
---------------------------------------------------------------------------------
---------------------------------------------------------------------------------
Start Handling Custom Attributes
---------------------------------------------------------------------------------
---------------------------------------------------------------------------------
Finished Handling Custom Attributes : Time (s): cpu = 00:00:23 ; elapsed = 00:00:24 . Memory (MB): peak = 1102.758 ; gain = 85.961
---------------------------------------------------------------------------------
---------------------------------------------------------------------------------
Start Renaming Generated Nets
---------------------------------------------------------------------------------
---------------------------------------------------------------------------------
Finished Renaming Generated Nets : Time (s): cpu = 00:00:23 ; elapsed = 00:00:24 . Memory (MB): peak = 1102.758 ; gain = 85.961
---------------------------------------------------------------------------------
---------------------------------------------------------------------------------
Start Writing Synthesis Report
---------------------------------------------------------------------------------

Report BlackBoxes: 
+-+--------------+----------+
| |BlackBox name |Instances |
+-+--------------+----------+
+-+--------------+----------+

Report Cell Usage: 
+------+-----+------+
|      |Cell |Count |
+------+-----+------+
|1     |LUT1 |     1|
|2     |LUT2 |     2|
|3     |LUT3 |     3|
|4     |LUT4 |     3|
|5     |LUT5 |     1|
|6     |LUT6 |    33|
|7     |FDRE |   166|
|8     |FDSE |     2|
+------+-----+------+
---------------------------------------------------------------------------------
Finished Writing Synthesis Report : Time (s): cpu = 00:00:23 ; elapsed = 00:00:24 . Memory (MB): peak = 1102.758 ; gain = 85.961
---------------------------------------------------------------------------------
Synthesis finished with 0 errors, 0 critical warnings and 0 warnings.
Synthesis Optimization Runtime : Time (s): cpu = 00:00:15 ; elapsed = 00:00:22 . Memory (MB): peak = 1102.758 ; gain = 9.598
Synthesis Optimization Complete : Time (s): cpu = 00:00:23 ; elapsed = 00:00:24 . Memory (MB): peak = 1102.758 ; gain = 85.961
INFO: [Project 1-571] Translating synthesized netlist
Netlist sorting complete. Time (s): cpu = 00:00:00 ; elapsed = 00:00:00.006 . Memory (MB): peak = 1114.824 ; gain = 0.000
INFO: [Project 1-570] Preparing netlist for logic optimization
INFO: [Opt 31-138] Pushed 0 inverter(s) to 0 load pin(s).
Netlist sorting complete. Time (s): cpu = 00:00:00 ; elapsed = 00:00:00 . Memory (MB): peak = 1119.004 ; gain = 0.000
INFO: [Project 1-111] Unisim Transformation Summary:
No Unisim elements were transformed.

INFO: [Common 17-83] Releasing license: Synthesis
25 Infos, 0 Warnings, 0 Critical Warnings and 0 Errors encountered.
synth_design completed successfully
synth_design: Time (s): cpu = 00:00:31 ; elapsed = 00:00:41 . Memory (MB): peak = 1119.004 ; gain = 102.207
INFO: [Common 17-1381] The checkpoint 'C:/Users/ppochiraju2024/Desktop/CHOICE-PUF/CHOICE_design/CHOICE_design.runs/design_1_write_adapter_0_0_synth_1/design_1_write_adapter_0_0.dcp' has been generated.
WARNING: [Common 17-576] 'use_project_ipc' is deprecated. This option is deprecated and no longer used.
INFO: [Coretcl 2-1648] Added synthesis output to IP cache for IP design_1_write_adapter_0_0, cache-ID = adacb03cbea70ac5
INFO: [Coretcl 2-1174] Renamed 2 cell refs.
INFO: [Common 17-1381] The checkpoint 'C:/Users/ppochiraju2024/Desktop/CHOICE-PUF/CHOICE_design/CHOICE_design.runs/design_1_write_adapter_0_0_synth_1/design_1_write_adapter_0_0.dcp' has been generated.
INFO: [runtcl-4] Executing : report_utilization -file design_1_write_adapter_0_0_utilization_synth.rpt -pb design_1_write_adapter_0_0_utilization_synth.pb
INFO: [Common 17-206] Exiting Vivado at Sat May  3 21:33:50 2025...
